This file contains any messages produced by compilers while
running configure, to aid debugging if configure makes a mistake.

It was created by configure, which was
generated by GNU Autoconf 2.59.  Invocation command line was

  $ /home/spam_attila_spam_attila/yaosp/toolchain/binutils-2.19/gas/configure --cache-file=./config.cache --with-gnu-as --with-gnu-ld --enable-werror=no --program-transform-name=s,y,y, --build=x86_64-unknown-linux-gnu --host=x86_64-unknown-linux-gnu --target=x86_64-unknown-linux-gnu --srcdir=.././gas

## --------- ##
## Platform. ##
## --------- ##

hostname = yaospdevel
uname -m = x86_64
uname -r = 3.16.0-4-amd64
uname -s = Linux
uname -v = #1 SMP Debian 3.16.7-ckt25-2+deb8u2 (2016-06-25)

/usr/bin/uname -p = unknown
/bin/uname -X     = unknown

/bin/arch              = unknown
/usr/bin/arch -k       = unknown
/usr/convex/getsysinfo = unknown
hostinfo               = unknown
/bin/machine           = unknown
/usr/bin/oslevel       = unknown
/bin/universe          = unknown

PATH: /usr/local/sbin
PATH: /usr/local/bin
PATH: /usr/sbin
PATH: /usr/bin
PATH: /sbin
PATH: /bin


## ----------- ##
## Core tests. ##
## ----------- ##

configure:1395: creating cache ./config.cache
configure:1522: checking build system type
configure:1540: result: x86_64-unknown-linux-gnu
configure:1548: checking host system type
configure:1562: result: x86_64-unknown-linux-gnu
configure:1570: checking target system type
configure:1584: result: x86_64-unknown-linux-gnu
configure:1606: checking for x86_64-unknown-linux-gnu-gcc
configure:1632: result: gcc
configure:1916: checking for C compiler version
configure:1919: gcc --version </dev/null >&5
gcc (Debian 4.9.2-10) 4.9.2
Copyright (C) 2014 Free Software Foundation, Inc.
This is free software; see the source for copying conditions.  There is NO
warranty; not even for MERCHANTABILITY or FITNESS FOR A PARTICULAR PURPOSE.

configure:1922: $? = 0
configure:1924: gcc -v </dev/null >&5
Using built-in specs.
COLLECT_GCC=gcc
COLLECT_LTO_WRAPPER=/usr/lib/gcc/x86_64-linux-gnu/4.9/lto-wrapper
Target: x86_64-linux-gnu
Configured with: ../src/configure -v --with-pkgversion='Debian 4.9.2-10' --with-bugurl=file:///usr/share/doc/gcc-4.9/README.Bugs --enable-languages=c,c++,java,go,d,fortran,objc,obj-c++ --prefix=/usr --program-suffix=-4.9 --enable-shared --enable-linker-build-id --libexecdir=/usr/lib --without-included-gettext --enable-threads=posix --with-gxx-include-dir=/usr/include/c++/4.9 --libdir=/usr/lib --enable-nls --with-sysroot=/ --enable-clocale=gnu --enable-libstdcxx-debug --enable-libstdcxx-time=yes --enable-gnu-unique-object --disable-vtable-verify --enable-plugin --with-system-zlib --disable-browser-plugin --enable-java-awt=gtk --enable-gtk-cairo --with-java-home=/usr/lib/jvm/java-1.5.0-gcj-4.9-amd64/jre --enable-java-home --with-jvm-root-dir=/usr/lib/jvm/java-1.5.0-gcj-4.9-amd64 --with-jvm-jar-dir=/usr/lib/jvm-exports/java-1.5.0-gcj-4.9-amd64 --with-arch-directory=amd64 --with-ecj-jar=/usr/share/java/eclipse-ecj.jar --enable-objc-gc --enable-multiarch --with-arch-32=i586 --with-abi=m64 --with-multilib-list=m32,m64,mx32 --enable-multilib --with-tune=generic --enable-checking=release --build=x86_64-linux-gnu --host=x86_64-linux-gnu --target=x86_64-linux-gnu
Thread model: posix
gcc version 4.9.2 (Debian 4.9.2-10) 
configure:1927: $? = 0
configure:1929: gcc -V </dev/null >&5
gcc: error: unrecognized command line option '-V'
gcc: fatal error: no input files
compilation terminated.
configure:1932: $? = 4
configure:1955: checking for C compiler default output file name
configure:1958: gcc -g -O2   conftest.c  >&5
configure:1961: $? = 0
configure:2009: result: a.out
configure:2014: checking whether the C compiler works
configure:2020: ./a.out
configure:2023: $? = 0
configure:2042: result: yes
configure:2049: checking whether we are cross compiling
configure:2051: result: no
configure:2054: checking for suffix of executables
configure:2056: gcc -o conftest -g -O2   conftest.c  >&5
configure:2059: $? = 0
configure:2086: result: 
configure:2092: checking for suffix of object files
configure:2113: gcc -c -g -O2  conftest.c >&5
configure:2116: $? = 0
configure:2140: result: o
configure:2144: checking whether we are using the GNU C compiler
configure:2168: gcc -c -g -O2  conftest.c >&5
configure:2174: $? = 0
configure:2178: test -z 
			 || test ! -s conftest.err
configure:2181: $? = 0
configure:2184: test -s conftest.o
configure:2187: $? = 0
configure:2200: result: yes
configure:2206: checking whether gcc accepts -g
configure:2227: gcc -c -g  conftest.c >&5
configure:2233: $? = 0
configure:2237: test -z 
			 || test ! -s conftest.err
configure:2240: $? = 0
configure:2243: test -s conftest.o
configure:2246: $? = 0
configure:2257: result: yes
configure:2274: checking for gcc option to accept ANSI C
configure:2344: gcc  -c -g -O2  conftest.c >&5
configure:2350: $? = 0
configure:2354: test -z 
			 || test ! -s conftest.err
configure:2357: $? = 0
configure:2360: test -s conftest.o
configure:2363: $? = 0
configure:2381: result: none needed
configure:2399: gcc -c -g -O2  conftest.c >&5
conftest.c:2:3: error: unknown type name 'choke'
   choke me
   ^
conftest.c:2:3: error: expected '=', ',', ';', 'asm' or '__attribute__' at end of input
configure:2405: $? = 1
configure: failed program was:
| #ifndef __cplusplus
|   choke me
| #endif
configure:2539: checking for library containing strerror
configure:2569: gcc -o conftest -g -O2   conftest.c  >&5
configure:2575: $? = 0
configure:2579: test -z 
			 || test ! -s conftest.err
configure:2582: $? = 0
configure:2585: test -s conftest
configure:2588: $? = 0
configure:2658: result: none required
configure:2682: checking for a BSD-compatible install
configure:2748: result: /usr/bin/install -c
configure:2759: checking whether build environment is sane
configure:2802: result: yes
configure:2867: checking for gawk
configure:2896: result: no
configure:2867: checking for mawk
configure:2883: found /usr/bin/mawk
configure:2893: result: mawk
configure:2903: checking whether make sets $(MAKE)
configure:2923: result: yes
configure:2953: checking for style of include used by make
configure:2981: result: GNU
configure:3157: checking dependency style of gcc
configure:3247: result: gcc3
configure:3274: checking for x86_64-unknown-linux-gnu-gcc
configure:3300: result: gcc
configure:3584: checking for C compiler version
configure:3587: gcc --version </dev/null >&5
gcc (Debian 4.9.2-10) 4.9.2
Copyright (C) 2014 Free Software Foundation, Inc.
This is free software; see the source for copying conditions.  There is NO
warranty; not even for MERCHANTABILITY or FITNESS FOR A PARTICULAR PURPOSE.

configure:3590: $? = 0
configure:3592: gcc -v </dev/null >&5
Using built-in specs.
COLLECT_GCC=gcc
COLLECT_LTO_WRAPPER=/usr/lib/gcc/x86_64-linux-gnu/4.9/lto-wrapper
Target: x86_64-linux-gnu
Configured with: ../src/configure -v --with-pkgversion='Debian 4.9.2-10' --with-bugurl=file:///usr/share/doc/gcc-4.9/README.Bugs --enable-languages=c,c++,java,go,d,fortran,objc,obj-c++ --prefix=/usr --program-suffix=-4.9 --enable-shared --enable-linker-build-id --libexecdir=/usr/lib --without-included-gettext --enable-threads=posix --with-gxx-include-dir=/usr/include/c++/4.9 --libdir=/usr/lib --enable-nls --with-sysroot=/ --enable-clocale=gnu --enable-libstdcxx-debug --enable-libstdcxx-time=yes --enable-gnu-unique-object --disable-vtable-verify --enable-plugin --with-system-zlib --disable-browser-plugin --enable-java-awt=gtk --enable-gtk-cairo --with-java-home=/usr/lib/jvm/java-1.5.0-gcj-4.9-amd64/jre --enable-java-home --with-jvm-root-dir=/usr/lib/jvm/java-1.5.0-gcj-4.9-amd64 --with-jvm-jar-dir=/usr/lib/jvm-exports/java-1.5.0-gcj-4.9-amd64 --with-arch-directory=amd64 --with-ecj-jar=/usr/share/java/eclipse-ecj.jar --enable-objc-gc --enable-multiarch --with-arch-32=i586 --with-abi=m64 --with-multilib-list=m32,m64,mx32 --enable-multilib --with-tune=generic --enable-checking=release --build=x86_64-linux-gnu --host=x86_64-linux-gnu --target=x86_64-linux-gnu
Thread model: posix
gcc version 4.9.2 (Debian 4.9.2-10) 
configure:3595: $? = 0
configure:3597: gcc -V </dev/null >&5
gcc: error: unrecognized command line option '-V'
gcc: fatal error: no input files
compilation terminated.
configure:3600: $? = 4
configure:3603: checking whether we are using the GNU C compiler
configure:3659: result: yes
configure:3665: checking whether gcc accepts -g
configure:3716: result: yes
configure:3733: checking for gcc option to accept ANSI C
configure:3840: result: none needed
configure:3858: gcc -c -g -O2  conftest.c >&5
conftest.c:2:3: error: unknown type name 'choke'
   choke me
   ^
conftest.c:2:3: error: expected '=', ',', ';', 'asm' or '__attribute__' at end of input
configure:3864: $? = 1
configure: failed program was:
| #ifndef __cplusplus
|   choke me
| #endif
configure:4008: checking how to run the C preprocessor
configure:4043: gcc -E  conftest.c
configure:4049: $? = 0
configure:4081: gcc -E  conftest.c
conftest.c:12:28: fatal error: ac_nonexistent.h: No such file or directory
 #include <ac_nonexistent.h>
                            ^
compilation terminated.
configure:4087: $? = 1
configure: failed program was:
| /* confdefs.h.  */
| 
| #define PACKAGE_NAME ""
| #define PACKAGE_TARNAME ""
| #define PACKAGE_VERSION ""
| #define PACKAGE_STRING ""
| #define PACKAGE_BUGREPORT ""
| #define PACKAGE "gas"
| #define VERSION "2.19"
| #define _GNU_SOURCE 1
| /* end confdefs.h.  */
| #include <ac_nonexistent.h>
configure:4126: result: gcc -E
configure:4150: gcc -E  conftest.c
configure:4156: $? = 0
configure:4188: gcc -E  conftest.c
conftest.c:12:28: fatal error: ac_nonexistent.h: No such file or directory
 #include <ac_nonexistent.h>
                            ^
compilation terminated.
configure:4194: $? = 1
configure: failed program was:
| /* confdefs.h.  */
| 
| #define PACKAGE_NAME ""
| #define PACKAGE_TARNAME ""
| #define PACKAGE_VERSION ""
| #define PACKAGE_STRING ""
| #define PACKAGE_BUGREPORT ""
| #define PACKAGE "gas"
| #define VERSION "2.19"
| #define _GNU_SOURCE 1
| /* end confdefs.h.  */
| #include <ac_nonexistent.h>
configure:4240: checking for egrep
configure:4250: result: grep -E
configure:4255: checking for ANSI C header files
configure:4280: gcc -c -g -O2  conftest.c >&5
configure:4286: $? = 0
configure:4290: test -z 
			 || test ! -s conftest.err
configure:4293: $? = 0
configure:4296: test -s conftest.o
configure:4299: $? = 0
configure:4388: gcc -o conftest -g -O2   conftest.c  >&5
conftest.c: In function 'main':
conftest.c:29:7: warning: incompatible implicit declaration of built-in function 'exit'
       exit(2);
       ^
configure:4391: $? = 0
configure:4393: ./conftest
configure:4396: $? = 0
configure:4411: result: yes
configure:4435: checking for sys/types.h
configure:4451: gcc -c -g -O2  conftest.c >&5
configure:4457: $? = 0
configure:4461: test -z 
			 || test ! -s conftest.err
configure:4464: $? = 0
configure:4467: test -s conftest.o
configure:4470: $? = 0
configure:4481: result: yes
configure:4435: checking for sys/stat.h
configure:4451: gcc -c -g -O2  conftest.c >&5
configure:4457: $? = 0
configure:4461: test -z 
			 || test ! -s conftest.err
configure:4464: $? = 0
configure:4467: test -s conftest.o
configure:4470: $? = 0
configure:4481: result: yes
configure:4435: checking for stdlib.h
configure:4451: gcc -c -g -O2  conftest.c >&5
configure:4457: $? = 0
configure:4461: test -z 
			 || test ! -s conftest.err
configure:4464: $? = 0
configure:4467: test -s conftest.o
configure:4470: $? = 0
configure:4481: result: yes
configure:4435: checking for string.h
configure:4451: gcc -c -g -O2  conftest.c >&5
configure:4457: $? = 0
configure:4461: test -z 
			 || test ! -s conftest.err
configure:4464: $? = 0
configure:4467: test -s conftest.o
configure:4470: $? = 0
configure:4481: result: yes
configure:4435: checking for memory.h
configure:4451: gcc -c -g -O2  conftest.c >&5
configure:4457: $? = 0
configure:4461: test -z 
			 || test ! -s conftest.err
configure:4464: $? = 0
configure:4467: test -s conftest.o
configure:4470: $? = 0
configure:4481: result: yes
configure:4435: checking for strings.h
configure:4451: gcc -c -g -O2  conftest.c >&5
configure:4457: $? = 0
configure:4461: test -z 
			 || test ! -s conftest.err
configure:4464: $? = 0
configure:4467: test -s conftest.o
configure:4470: $? = 0
configure:4481: result: yes
configure:4435: checking for inttypes.h
configure:4451: gcc -c -g -O2  conftest.c >&5
configure:4457: $? = 0
configure:4461: test -z 
			 || test ! -s conftest.err
configure:4464: $? = 0
configure:4467: test -s conftest.o
configure:4470: $? = 0
configure:4481: result: yes
configure:4435: checking for stdint.h
configure:4451: gcc -c -g -O2  conftest.c >&5
configure:4457: $? = 0
configure:4461: test -z 
			 || test ! -s conftest.err
configure:4464: $? = 0
configure:4467: test -s conftest.o
configure:4470: $? = 0
configure:4481: result: yes
configure:4435: checking for unistd.h
configure:4451: gcc -c -g -O2  conftest.c >&5
configure:4457: $? = 0
configure:4461: test -z 
			 || test ! -s conftest.err
configure:4464: $? = 0
configure:4467: test -s conftest.o
configure:4470: $? = 0
configure:4481: result: yes
configure:4504: checking minix/config.h usability
configure:4516: gcc -c -g -O2  conftest.c >&5
conftest.c:56:26: fatal error: minix/config.h: No such file or directory
 #include <minix/config.h>
                          ^
compilation terminated.
configure:4522: $? = 1
configure: failed program was:
| /* confdefs.h.  */
| 
| #define PACKAGE_NAME ""
| #define PACKAGE_TARNAME ""
| #define PACKAGE_VERSION ""
| #define PACKAGE_STRING ""
| #define PACKAGE_BUGREPORT ""
| #define PACKAGE "gas"
| #define VERSION "2.19"
| #define _GNU_SOURCE 1
| #define STDC_HEADERS 1
| #define HAVE_SYS_TYPES_H 1
| #define HAVE_SYS_STAT_H 1
| #define HAVE_STDLIB_H 1
| #define HAVE_STRING_H 1
| #define HAVE_MEMORY_H 1
| #define HAVE_STRINGS_H 1
| #define HAVE_INTTYPES_H 1
| #define HAVE_STDINT_H 1
| #define HAVE_UNISTD_H 1
| /* end confdefs.h.  */
| #include <stdio.h>
| #if HAVE_SYS_TYPES_H
| # include <sys/types.h>
| #endif
| #if HAVE_SYS_STAT_H
| # include <sys/stat.h>
| #endif
| #if STDC_HEADERS
| # include <stdlib.h>
| # include <stddef.h>
| #else
| # if HAVE_STDLIB_H
| #  include <stdlib.h>
| # endif
| #endif
| #if HAVE_STRING_H
| # if !STDC_HEADERS && HAVE_MEMORY_H
| #  include <memory.h>
| # endif
| # include <string.h>
| #endif
| #if HAVE_STRINGS_H
| # include <strings.h>
| #endif
| #if HAVE_INTTYPES_H
| # include <inttypes.h>
| #else
| # if HAVE_STDINT_H
| #  include <stdint.h>
| # endif
| #endif
| #if HAVE_UNISTD_H
| # include <unistd.h>
| #endif
| #include <minix/config.h>
configure:4545: result: no
configure:4549: checking minix/config.h presence
configure:4559: gcc -E  conftest.c
conftest.c:22:26: fatal error: minix/config.h: No such file or directory
 #include <minix/config.h>
                          ^
compilation terminated.
configure:4565: $? = 1
configure: failed program was:
| /* confdefs.h.  */
| 
| #define PACKAGE_NAME ""
| #define PACKAGE_TARNAME ""
| #define PACKAGE_VERSION ""
| #define PACKAGE_STRING ""
| #define PACKAGE_BUGREPORT ""
| #define PACKAGE "gas"
| #define VERSION "2.19"
| #define _GNU_SOURCE 1
| #define STDC_HEADERS 1
| #define HAVE_SYS_TYPES_H 1
| #define HAVE_SYS_STAT_H 1
| #define HAVE_STDLIB_H 1
| #define HAVE_STRING_H 1
| #define HAVE_MEMORY_H 1
| #define HAVE_STRINGS_H 1
| #define HAVE_INTTYPES_H 1
| #define HAVE_STDINT_H 1
| #define HAVE_UNISTD_H 1
| /* end confdefs.h.  */
| #include <minix/config.h>
configure:4585: result: no
configure:4620: checking for minix/config.h
configure:4627: result: no
configure:4658: checking whether it is safe to define __EXTENSIONS__
configure:4681: gcc -c -g -O2  conftest.c >&5
configure:4687: $? = 0
configure:4691: test -z 
			 || test ! -s conftest.err
configure:4694: $? = 0
configure:4697: test -s conftest.o
configure:4700: $? = 0
configure:4711: result: yes
configure:4872: checking for a sed that does not truncate output
configure:4928: result: /bin/sed
configure:4944: checking for fgrep
configure:4954: result: grep -F
configure:4989: checking for ld used by gcc
configure:5056: result: ld
configure:5065: checking if the linker (ld) is GNU ld
configure:5080: result: yes
configure:5093: checking for BSD- or MS-compatible name lister (nm)
configure:5142: result: nm
configure:5247: checking the name lister (nm) interface
configure:5254: gcc -c -g -O2  conftest.c >&5
configure:5257: nm "conftest.o"
configure:5260: output
0000000000000000 B some_variable
configure:5267: result: BSD nm
configure:5270: checking whether ln -s works
configure:5274: result: yes
configure:5282: checking the maximum length of command line arguments
configure:5402: result: 1572864
configure:5420: checking whether the shell understands some XSI constructs
configure:5428: result: yes
configure:5432: checking whether the shell understands "+="
configure:5438: result: yes
configure:5473: checking for ld option to reload object files
configure:5480: result: -r
configure:5507: checking how to recognize dependent libraries
configure:5697: result: pass_all
configure:5717: checking for x86_64-unknown-linux-gnu-ar
configure:5743: result: ar
configure:5810: checking for x86_64-unknown-linux-gnu-strip
configure:5839: result: no
configure:5848: checking for strip
configure:5864: found /usr/bin/strip
configure:5875: result: strip
configure:5897: checking for x86_64-unknown-linux-gnu-ranlib
configure:5923: result: ranlib
configure:6042: checking command to parse nm output from gcc object
configure:6159: gcc -c -g -O2  conftest.c >&5
configure:6162: $? = 0
configure:6166: nm conftest.o \| sed -n -e 's/^.*[	 ]\([ABCDGIRSTW][ABCDGIRSTW]*\)[	 ][	 ]*\([_A-Za-z][_A-Za-z0-9]*\)$/\1 \2 \2/p' \> conftest.nm
configure:6169: $? = 0
configure:6223: gcc -o conftest -g -O2   conftest.c conftstm.o >&5
configure:6226: $? = 0
configure:6264: result: ok
configure:6354: gcc -c -g -O2  conftest.c >&5
configure:6357: $? = 0
configure:6505: checking for dlfcn.h
configure:6521: gcc -c -g -O2  conftest.c >&5
configure:6527: $? = 0
configure:6531: test -z 
			 || test ! -s conftest.err
configure:6534: $? = 0
configure:6537: test -s conftest.o
configure:6540: $? = 0
configure:6551: result: yes
configure:6613: checking for objdir
configure:6628: result: .libs
configure:6924: checking if gcc supports -fno-rtti -fno-exceptions
configure:6942: gcc -c -g -O2  -fno-rtti -fno-exceptions conftest.c >&5
cc1: warning: command line option '-fno-rtti' is valid for C++/ObjC++ but not for C
configure:6946: $? = 0
configure:6959: result: no
configure:6979: checking for gcc option to produce PIC
configure:7234: result: -fPIC -DPIC
configure:7246: checking if gcc PIC flag -fPIC -DPIC works
configure:7264: gcc -c -g -O2  -fPIC -DPIC -DPIC conftest.c >&5
configure:7268: $? = 0
configure:7281: result: yes
configure:7305: checking if gcc static flag -static works
configure:7333: result: yes
configure:7348: checking if gcc supports -c -o file.o
configure:7369: gcc -c -g -O2  -o out/conftest2.o conftest.c >&5
configure:7373: $? = 0
configure:7395: result: yes
configure:7403: checking if gcc supports -c -o file.o
configure:7450: result: yes
configure:7483: checking whether the gcc linker (ld -m elf_x86_64) supports shared libraries
configure:8563: result: yes
configure:8600: checking whether -lc should be explicitly linked in
configure:8605: gcc -c -g -O2  conftest.c >&5
configure:8608: $? = 0
configure:8623: gcc -shared conftest.o  -v -Wl,-soname -Wl,conftest -o conftest 2\>\&1 \| grep  -lc  \>/dev/null 2\>\&1
configure:8626: $? = 0
configure:8638: result: no
configure:8802: checking dynamic linker characteristics
configure:9235: gcc -o conftest -g -O2   -Wl,-rpath -Wl,/foo conftest.c  >&5
configure:9241: $? = 0
configure:9245: test -z 
			 || test ! -s conftest.err
configure:9248: $? = 0
configure:9251: test -s conftest
configure:9254: $? = 0
configure:9478: result: GNU/Linux ld.so
configure:9573: checking how to hardcode library paths into programs
configure:9598: result: immediate
configure:10444: checking whether stripping libraries is possible
configure:10449: result: yes
configure:10484: checking if libtool supports shared libraries
configure:10486: result: yes
configure:10489: checking whether to build shared libraries
configure:10510: result: yes
configure:10513: checking whether to build static libraries
configure:10517: result: yes
configure:10682: checking whether byte ordering is bigendian
configure:10709: gcc -c -g -O2  conftest.c >&5
configure:10715: $? = 0
configure:10719: test -z 
			 || test ! -s conftest.err
configure:10722: $? = 0
configure:10725: test -s conftest.o
configure:10728: $? = 0
configure:10752: gcc -c -g -O2  conftest.c >&5
conftest.c: In function 'main':
conftest.c:36:2: error: unknown type name 'not'
  not big endian
  ^
conftest.c:36:10: error: expected '=', ',', ';', 'asm' or '__attribute__' before 'endian'
  not big endian
          ^
configure:10758: $? = 1
configure: failed program was:
| /* confdefs.h.  */
| 
| #define PACKAGE_NAME ""
| #define PACKAGE_TARNAME ""
| #define PACKAGE_VERSION ""
| #define PACKAGE_STRING ""
| #define PACKAGE_BUGREPORT ""
| #define PACKAGE "gas"
| #define VERSION "2.19"
| #define _GNU_SOURCE 1
| #define STDC_HEADERS 1
| #define HAVE_SYS_TYPES_H 1
| #define HAVE_SYS_STAT_H 1
| #define HAVE_STDLIB_H 1
| #define HAVE_STRING_H 1
| #define HAVE_MEMORY_H 1
| #define HAVE_STRINGS_H 1
| #define HAVE_INTTYPES_H 1
| #define HAVE_STDINT_H 1
| #define HAVE_UNISTD_H 1
| #define __EXTENSIONS__ 1
| #define _ALL_SOURCE 1
| #define _GNU_SOURCE 1
| #define _POSIX_PTHREAD_SEMANTICS 1
| #define _TANDEM_SOURCE 1
| #define HAVE_DLFCN_H 1
| #define LT_OBJDIR ".libs/"
| /* end confdefs.h.  */
| #include <sys/types.h>
| #include <sys/param.h>
| 
| int
| main ()
| {
| #if BYTE_ORDER != BIG_ENDIAN
|  not big endian
| #endif
| 
|   ;
|   return 0;
| }
configure:10893: result: no
configure:11611: checking for bison
configure:11637: result: /home/spam_attila_spam_attila/yaosp/toolchain/binutils-2.19/missing bison -y
configure:11652: checking for flex
configure:11678: result: /home/spam_attila_spam_attila/yaosp/toolchain/binutils-2.19/missing flex
configure:11691: checking for yywrap in -lfl
configure:11721: gcc -o conftest -g -O2   conftest.c -lfl   >&5
/usr/bin/ld: cannot find -lfl
collect2: error: ld returned 1 exit status
configure:11727: $? = 1
configure: failed program was:
| /* confdefs.h.  */
| 
| #define PACKAGE_NAME ""
| #define PACKAGE_TARNAME ""
| #define PACKAGE_VERSION ""
| #define PACKAGE_STRING ""
| #define PACKAGE_BUGREPORT ""
| #define PACKAGE "gas"
| #define VERSION "2.19"
| #define _GNU_SOURCE 1
| #define STDC_HEADERS 1
| #define HAVE_SYS_TYPES_H 1
| #define HAVE_SYS_STAT_H 1
| #define HAVE_STDLIB_H 1
| #define HAVE_STRING_H 1
| #define HAVE_MEMORY_H 1
| #define HAVE_STRINGS_H 1
| #define HAVE_INTTYPES_H 1
| #define HAVE_STDINT_H 1
| #define HAVE_UNISTD_H 1
| #define __EXTENSIONS__ 1
| #define _ALL_SOURCE 1
| #define _GNU_SOURCE 1
| #define _POSIX_PTHREAD_SEMANTICS 1
| #define _TANDEM_SOURCE 1
| #define HAVE_DLFCN_H 1
| #define LT_OBJDIR ".libs/"
| #define DEFAULT_ARCH "x86_64"
| #define EMULATIONS  &i386elf,
| #define DEFAULT_EMULATION "i386elf"
| #define TARGET_ALIAS "x86_64-unknown-linux-gnu"
| #define TARGET_CANONICAL "x86_64-unknown-linux-gnu"
| #define TARGET_CPU "x86_64"
| #define TARGET_VENDOR "unknown"
| #define TARGET_OS "linux-gnu"
| /* end confdefs.h.  */
| 
| /* Override any gcc2 internal prototype to avoid an error.  */
| #ifdef __cplusplus
| extern "C"
| #endif
| /* We use char because int might match the return type of a gcc2
|    builtin and then its argument prototype would still apply.  */
| char yywrap ();
| int
| main ()
| {
| yywrap ();
|   ;
|   return 0;
| }
configure:11753: result: no
configure:11758: checking for yywrap in -ll
configure:11788: gcc -o conftest -g -O2   conftest.c -ll   >&5
/usr/bin/ld: cannot find -ll
collect2: error: ld returned 1 exit status
configure:11794: $? = 1
configure: failed program was:
| /* confdefs.h.  */
| 
| #define PACKAGE_NAME ""
| #define PACKAGE_TARNAME ""
| #define PACKAGE_VERSION ""
| #define PACKAGE_STRING ""
| #define PACKAGE_BUGREPORT ""
| #define PACKAGE "gas"
| #define VERSION "2.19"
| #define _GNU_SOURCE 1
| #define STDC_HEADERS 1
| #define HAVE_SYS_TYPES_H 1
| #define HAVE_SYS_STAT_H 1
| #define HAVE_STDLIB_H 1
| #define HAVE_STRING_H 1
| #define HAVE_MEMORY_H 1
| #define HAVE_STRINGS_H 1
| #define HAVE_INTTYPES_H 1
| #define HAVE_STDINT_H 1
| #define HAVE_UNISTD_H 1
| #define __EXTENSIONS__ 1
| #define _ALL_SOURCE 1
| #define _GNU_SOURCE 1
| #define _POSIX_PTHREAD_SEMANTICS 1
| #define _TANDEM_SOURCE 1
| #define HAVE_DLFCN_H 1
| #define LT_OBJDIR ".libs/"
| #define DEFAULT_ARCH "x86_64"
| #define EMULATIONS  &i386elf,
| #define DEFAULT_EMULATION "i386elf"
| #define TARGET_ALIAS "x86_64-unknown-linux-gnu"
| #define TARGET_CANONICAL "x86_64-unknown-linux-gnu"
| #define TARGET_CPU "x86_64"
| #define TARGET_VENDOR "unknown"
| #define TARGET_OS "linux-gnu"
| /* end confdefs.h.  */
| 
| /* Override any gcc2 internal prototype to avoid an error.  */
| #ifdef __cplusplus
| extern "C"
| #endif
| /* We use char because int might match the return type of a gcc2
|    builtin and then its argument prototype would still apply.  */
| char yywrap ();
| int
| main ()
| {
| yywrap ();
|   ;
|   return 0;
| }
configure:11820: result: no
configure:11831: checking lex output file root
configure:11842: /home/spam_attila_spam_attila/yaosp/toolchain/binutils-2.19/missing flex conftest.l
WARNING: `flex' is missing on your system.  You should only need it if
         you modified a `.l' file.  You may need the `Flex' package
         in order for those modifications to take effect.  You can get
         `Flex' from any GNU archive site.
configure:11845: $? = 0
configure:11857: result: lex.yy
configure:11862: checking whether yytext is a pointer
configure:11878: gcc -o conftest -g -O2   conftest.c   >&5
configure:11884: $? = 0
configure:11888: test -z 
			 || test ! -s conftest.err
configure:11891: $? = 0
configure:11894: test -s conftest
configure:11897: $? = 0
configure:11911: result: yes
configure:11940: checking whether NLS is requested
configure:11946: result: yes
configure:11954: checking for catalogs to be installed
configure:11986: result:  es fr rw tr es fr rw tr
configure:12013: checking whether NLS is requested
configure:12022: result: yes
configure:12060: checking for msgfmt
configure:12094: result: no
configure:12100: checking for gmsgfmt
configure:12131: result: :
configure:12170: checking for xgettext
configure:12204: result: no
configure:12241: checking for msgmerge
configure:12274: result: no
configure:12307: checking whether to enable maintainer-specific portions of Makefiles
configure:12316: result: no
configure:12357: checking for string.h
configure:12362: result: yes
configure:12357: checking for stdlib.h
configure:12362: result: yes
configure:12357: checking for memory.h
configure:12362: result: yes
configure:12357: checking for strings.h
configure:12362: result: yes
configure:12357: checking for unistd.h
configure:12362: result: yes
configure:12366: checking stdarg.h usability
configure:12378: gcc -c -g -O2  conftest.c >&5
configure:12384: $? = 0
configure:12388: test -z 
			 || test ! -s conftest.err
configure:12391: $? = 0
configure:12394: test -s conftest.o
configure:12397: $? = 0
configure:12407: result: yes
configure:12411: checking stdarg.h presence
configure:12421: gcc -E  conftest.c
configure:12427: $? = 0
configure:12447: result: yes
configure:12482: checking for stdarg.h
configure:12489: result: yes
configure:12366: checking varargs.h usability
configure:12378: gcc -c -g -O2  conftest.c >&5
In file included from conftest.c:79:0:
/usr/lib/gcc/x86_64-linux-gnu/4.9/include/varargs.h:4:2: error: #error "GCC no longer implements <varargs.h>."
 #error "GCC no longer implements <varargs.h>."
  ^
/usr/lib/gcc/x86_64-linux-gnu/4.9/include/varargs.h:5:2: error: #error "Revise your code to use <stdarg.h>."
 #error "Revise your code to use <stdarg.h>."
  ^
configure:12384: $? = 1
configure: failed program was:
| /* confdefs.h.  */
| 
| #define PACKAGE_NAME ""
| #define PACKAGE_TARNAME ""
| #define PACKAGE_VERSION ""
| #define PACKAGE_STRING ""
| #define PACKAGE_BUGREPORT ""
| #define PACKAGE "gas"
| #define VERSION "2.19"
| #define _GNU_SOURCE 1
| #define STDC_HEADERS 1
| #define HAVE_SYS_TYPES_H 1
| #define HAVE_SYS_STAT_H 1
| #define HAVE_STDLIB_H 1
| #define HAVE_STRING_H 1
| #define HAVE_MEMORY_H 1
| #define HAVE_STRINGS_H 1
| #define HAVE_INTTYPES_H 1
| #define HAVE_STDINT_H 1
| #define HAVE_UNISTD_H 1
| #define __EXTENSIONS__ 1
| #define _ALL_SOURCE 1
| #define _GNU_SOURCE 1
| #define _POSIX_PTHREAD_SEMANTICS 1
| #define _TANDEM_SOURCE 1
| #define HAVE_DLFCN_H 1
| #define LT_OBJDIR ".libs/"
| #define DEFAULT_ARCH "x86_64"
| #define EMULATIONS  &i386elf,
| #define DEFAULT_EMULATION "i386elf"
| #define TARGET_ALIAS "x86_64-unknown-linux-gnu"
| #define TARGET_CANONICAL "x86_64-unknown-linux-gnu"
| #define TARGET_CPU "x86_64"
| #define TARGET_VENDOR "unknown"
| #define TARGET_OS "linux-gnu"
| #define YYTEXT_POINTER 1
| #define ENABLE_NLS 1
| #define HAVE_STRING_H 1
| #define HAVE_STDLIB_H 1
| #define HAVE_MEMORY_H 1
| #define HAVE_STRINGS_H 1
| #define HAVE_UNISTD_H 1
| #define HAVE_STDARG_H 1
| /* end confdefs.h.  */
| #include <stdio.h>
| #if HAVE_SYS_TYPES_H
| # include <sys/types.h>
| #endif
| #if HAVE_SYS_STAT_H
| # include <sys/stat.h>
| #endif
| #if STDC_HEADERS
| # include <stdlib.h>
| # include <stddef.h>
| #else
| # if HAVE_STDLIB_H
| #  include <stdlib.h>
| # endif
| #endif
| #if HAVE_STRING_H
| # if !STDC_HEADERS && HAVE_MEMORY_H
| #  include <memory.h>
| # endif
| # include <string.h>
| #endif
| #if HAVE_STRINGS_H
| # include <strings.h>
| #endif
| #if HAVE_INTTYPES_H
| # include <inttypes.h>
| #else
| # if HAVE_STDINT_H
| #  include <stdint.h>
| # endif
| #endif
| #if HAVE_UNISTD_H
| # include <unistd.h>
| #endif
| #include <varargs.h>
configure:12407: result: no
configure:12411: checking varargs.h presence
configure:12421: gcc -E  conftest.c
In file included from conftest.c:45:0:
/usr/lib/gcc/x86_64-linux-gnu/4.9/include/varargs.h:4:2: error: #error "GCC no longer implements <varargs.h>."
 #error "GCC no longer implements <varargs.h>."
  ^
/usr/lib/gcc/x86_64-linux-gnu/4.9/include/varargs.h:5:2: error: #error "Revise your code to use <stdarg.h>."
 #error "Revise your code to use <stdarg.h>."
  ^
configure:12427: $? = 1
configure: failed program was:
| /* confdefs.h.  */
| 
| #define PACKAGE_NAME ""
| #define PACKAGE_TARNAME ""
| #define PACKAGE_VERSION ""
| #define PACKAGE_STRING ""
| #define PACKAGE_BUGREPORT ""
| #define PACKAGE "gas"
| #define VERSION "2.19"
| #define _GNU_SOURCE 1
| #define STDC_HEADERS 1
| #define HAVE_SYS_TYPES_H 1
| #define HAVE_SYS_STAT_H 1
| #define HAVE_STDLIB_H 1
| #define HAVE_STRING_H 1
| #define HAVE_MEMORY_H 1
| #define HAVE_STRINGS_H 1
| #define HAVE_INTTYPES_H 1
| #define HAVE_STDINT_H 1
| #define HAVE_UNISTD_H 1
| #define __EXTENSIONS__ 1
| #define _ALL_SOURCE 1
| #define _GNU_SOURCE 1
| #define _POSIX_PTHREAD_SEMANTICS 1
| #define _TANDEM_SOURCE 1
| #define HAVE_DLFCN_H 1
| #define LT_OBJDIR ".libs/"
| #define DEFAULT_ARCH "x86_64"
| #define EMULATIONS  &i386elf,
| #define DEFAULT_EMULATION "i386elf"
| #define TARGET_ALIAS "x86_64-unknown-linux-gnu"
| #define TARGET_CANONICAL "x86_64-unknown-linux-gnu"
| #define TARGET_CPU "x86_64"
| #define TARGET_VENDOR "unknown"
| #define TARGET_OS "linux-gnu"
| #define YYTEXT_POINTER 1
| #define ENABLE_NLS 1
| #define HAVE_STRING_H 1
| #define HAVE_STDLIB_H 1
| #define HAVE_MEMORY_H 1
| #define HAVE_STRINGS_H 1
| #define HAVE_UNISTD_H 1
| #define HAVE_STDARG_H 1
| /* end confdefs.h.  */
| #include <varargs.h>
configure:12447: result: no
configure:12482: checking for varargs.h
configure:12489: result: no
configure:12366: checking errno.h usability
configure:12378: gcc -c -g -O2  conftest.c >&5
configure:12384: $? = 0
configure:12388: test -z 
			 || test ! -s conftest.err
configure:12391: $? = 0
configure:12394: test -s conftest.o
configure:12397: $? = 0
configure:12407: result: yes
configure:12411: checking errno.h presence
configure:12421: gcc -E  conftest.c
configure:12427: $? = 0
configure:12447: result: yes
configure:12482: checking for errno.h
configure:12489: result: yes
configure:12357: checking for sys/types.h
configure:12362: result: yes
configure:12366: checking limits.h usability
configure:12378: gcc -c -g -O2  conftest.c >&5
configure:12384: $? = 0
configure:12388: test -z 
			 || test ! -s conftest.err
configure:12391: $? = 0
configure:12394: test -s conftest.o
configure:12397: $? = 0
configure:12407: result: yes
configure:12411: checking limits.h presence
configure:12421: gcc -E  conftest.c
configure:12427: $? = 0
configure:12447: result: yes
configure:12482: checking for limits.h
configure:12489: result: yes
configure:12505: checking whether compiling a cross-assembler
configure:12517: result: no
configure:12522: checking for working alloca.h
configure:12543: gcc -o conftest -g -O2   conftest.c  >&5
configure:12549: $? = 0
configure:12553: test -z 
			 || test ! -s conftest.err
configure:12556: $? = 0
configure:12559: test -s conftest
configure:12562: $? = 0
configure:12574: result: yes
configure:12584: checking for alloca
configure:12625: gcc -o conftest -g -O2   conftest.c  >&5
configure:12631: $? = 0
configure:12635: test -z 
			 || test ! -s conftest.err
configure:12638: $? = 0
configure:12641: test -s conftest
configure:12644: $? = 0
configure:12656: result: yes
configure:12879: checking for inline
configure:12900: gcc -c -g -O2  conftest.c >&5
configure:12906: $? = 0
configure:12910: test -z 
			 || test ! -s conftest.err
configure:12913: $? = 0
configure:12916: test -s conftest.o
configure:12919: $? = 0
configure:12931: result: inline
configure:12957: checking for unlink
configure:13014: gcc -o conftest -g -O2   conftest.c  >&5
configure:13020: $? = 0
configure:13024: test -z 
			 || test ! -s conftest.err
configure:13027: $? = 0
configure:13030: test -s conftest
configure:13033: $? = 0
configure:13045: result: yes
configure:13061: checking for sbrk
configure:13118: gcc -o conftest -g -O2   conftest.c  >&5
configure:13124: $? = 0
configure:13128: test -z 
			 || test ! -s conftest.err
configure:13131: $? = 0
configure:13134: test -s conftest
configure:13137: $? = 0
configure:13149: result: yes
configure:13386: checking for working assert macro
configure:13416: gcc -o conftest -g -O2   conftest.c  >&5
configure:13422: $? = 0
configure:13426: test -z 
			 || test ! -s conftest.err
configure:13429: $? = 0
configure:13432: test -s conftest
configure:13435: $? = 0
configure:13447: result: yes
configure:13481: checking whether declaration is required for errno
configure:13510: gcc -o conftest -g -O2   conftest.c  >&5
configure:13516: $? = 0
configure:13520: test -z 
			 || test ! -s conftest.err
configure:13523: $? = 0
configure:13526: test -s conftest
configure:13529: $? = 0
configure:13541: result: no
configure:13552: checking for a known getopt prototype in unistd.h
configure:13573: gcc -c -g -O2  conftest.c >&5
configure:13579: $? = 0
configure:13583: test -z 
			 || test ! -s conftest.err
configure:13586: $? = 0
configure:13589: test -s conftest.o
configure:13592: $? = 0
configure:13604: result: yes
configure:13615: checking whether declaration is required for environ
configure:13640: gcc -o conftest -g -O2   conftest.c  >&5
configure:13646: $? = 0
configure:13650: test -z 
			 || test ! -s conftest.err
configure:13653: $? = 0
configure:13656: test -s conftest
configure:13659: $? = 0
configure:13671: result: no
configure:13682: checking whether declaration is required for ffs
configure:13707: gcc -o conftest -g -O2   conftest.c  >&5
configure:13713: $? = 0
configure:13717: test -z 
			 || test ! -s conftest.err
configure:13720: $? = 0
configure:13723: test -s conftest
configure:13726: $? = 0
configure:13738: result: no
configure:13749: checking whether declaration is required for free
configure:13774: gcc -o conftest -g -O2   conftest.c  >&5
configure:13780: $? = 0
configure:13784: test -z 
			 || test ! -s conftest.err
configure:13787: $? = 0
configure:13790: test -s conftest
configure:13793: $? = 0
configure:13805: result: no
configure:13816: checking whether declaration is required for malloc
configure:13841: gcc -o conftest -g -O2   conftest.c  >&5
configure:13847: $? = 0
configure:13851: test -z 
			 || test ! -s conftest.err
configure:13854: $? = 0
configure:13857: test -s conftest
configure:13860: $? = 0
configure:13872: result: no
configure:13883: checking whether declaration is required for sbrk
configure:13908: gcc -o conftest -g -O2   conftest.c  >&5
configure:13914: $? = 0
configure:13918: test -z 
			 || test ! -s conftest.err
configure:13921: $? = 0
configure:13924: test -s conftest
configure:13927: $? = 0
configure:13939: result: no
configure:13950: checking whether declaration is required for strstr
configure:13975: gcc -o conftest -g -O2   conftest.c  >&5
configure:13981: $? = 0
configure:13985: test -z 
			 || test ! -s conftest.err
configure:13988: $? = 0
configure:13991: test -s conftest
configure:13994: $? = 0
configure:14006: result: no
configure:14017: checking whether vsnprintf is declared
configure:14041: gcc -c -g -O2  conftest.c >&5
configure:14047: $? = 0
configure:14051: test -z 
			 || test ! -s conftest.err
configure:14054: $? = 0
configure:14057: test -s conftest.o
configure:14060: $? = 0
configure:14071: result: yes
configure:14234: creating ./config.status

## ---------------------- ##
## Running config.status. ##
## ---------------------- ##

This file was extended by config.status, which was
generated by GNU Autoconf 2.59.  Invocation command line was

  CONFIG_FILES    = 
  CONFIG_HEADERS  = 
  CONFIG_LINKS    = 
  CONFIG_COMMANDS = 
  $ ./config.status 

on yaospdevel

config.status:950: creating .gdbinit
config.status:950: creating Makefile
config.status:950: creating doc/Makefile
config.status:950: creating po/Makefile.in
config.status:1047: creating config.h
config.status:1417: executing depfiles commands
config.status:1417: executing libtool commands
config.status:1417: executing default-1 commands
config.status:1417: executing default commands

## ---------------- ##
## Cache variables. ##
## ---------------- ##

ac_cv_build=x86_64-unknown-linux-gnu
ac_cv_build_alias=x86_64-unknown-linux-gnu
ac_cv_c_bigendian=no
ac_cv_c_compiler_gnu=yes
ac_cv_c_inline=inline
ac_cv_env_CC_set=set
ac_cv_env_CC_value=gcc
ac_cv_env_CFLAGS_set=set
ac_cv_env_CFLAGS_value='-g -O2'
ac_cv_env_CPPFLAGS_set=
ac_cv_env_CPPFLAGS_value=
ac_cv_env_CPP_set=
ac_cv_env_CPP_value=
ac_cv_env_LDFLAGS_set=set
ac_cv_env_LDFLAGS_value=
ac_cv_env_build_alias_set=set
ac_cv_env_build_alias_value=x86_64-unknown-linux-gnu
ac_cv_env_host_alias_set=set
ac_cv_env_host_alias_value=x86_64-unknown-linux-gnu
ac_cv_env_target_alias_set=set
ac_cv_env_target_alias_value=x86_64-unknown-linux-gnu
ac_cv_exeext=
ac_cv_func_alloca_works=yes
ac_cv_func_sbrk=yes
ac_cv_func_unlink=yes
ac_cv_have_decl_vsnprintf=yes
ac_cv_header_dlfcn_h=yes
ac_cv_header_errno_h=yes
ac_cv_header_inttypes_h=yes
ac_cv_header_limits_h=yes
ac_cv_header_memory_h=yes
ac_cv_header_minix_config_h=no
ac_cv_header_stdarg_h=yes
ac_cv_header_stdc=yes
ac_cv_header_stdint_h=yes
ac_cv_header_stdlib_h=yes
ac_cv_header_string_h=yes
ac_cv_header_strings_h=yes
ac_cv_header_sys_stat_h=yes
ac_cv_header_sys_types_h=yes
ac_cv_header_unistd_h=yes
ac_cv_header_varargs_h=no
ac_cv_host=x86_64-unknown-linux-gnu
ac_cv_host_alias=x86_64-unknown-linux-gnu
ac_cv_lib_fl_yywrap=no
ac_cv_lib_l_yywrap=no
ac_cv_objext=o
ac_cv_path_GMSGFMT=:
ac_cv_path_MSGFMT=:
ac_cv_path_MSGMERGE=:
ac_cv_path_XGETTEXT=:
ac_cv_prog_AR=ar
ac_cv_prog_AWK=mawk
ac_cv_prog_CC=gcc
ac_cv_prog_CPP='gcc -E'
ac_cv_prog_LEX='/home/spam_attila_spam_attila/yaosp/toolchain/binutils-2.19/missing flex'
ac_cv_prog_RANLIB=ranlib
ac_cv_prog_YACC='/home/spam_attila_spam_attila/yaosp/toolchain/binutils-2.19/missing bison -y'
ac_cv_prog_ac_ct_STRIP=strip
ac_cv_prog_cc_g=yes
ac_cv_prog_cc_stdc=
ac_cv_prog_egrep='grep -E'
ac_cv_prog_fgrep='grep -F'
ac_cv_prog_lex_root=lex.yy
ac_cv_prog_lex_yytext_pointer=yes
ac_cv_prog_make_make_set=yes
ac_cv_safe_to_define___extensions__=yes
ac_cv_search_strerror='none required'
ac_cv_target=x86_64-unknown-linux-gnu
ac_cv_target_alias=x86_64-unknown-linux-gnu
ac_cv_working_alloca_h=yes
am_cv_CC_dependencies_compiler_type=gcc3
gas_cv_assert_ok=yes
gas_cv_decl_getopt_unistd_h=yes
gas_cv_decl_needed_environ=no
gas_cv_decl_needed_errno=no
gas_cv_decl_needed_ffs=no
gas_cv_decl_needed_free=no
gas_cv_decl_needed_malloc=no
gas_cv_decl_needed_sbrk=no
gas_cv_decl_needed_strstr=no
lt_cv_deplibs_check_method=pass_all
lt_cv_file_magic_cmd='$MAGIC_CMD'
lt_cv_file_magic_test_file=
lt_cv_ld_reload_flag=-r
lt_cv_nm_interface='BSD nm'
lt_cv_objdir=.libs
lt_cv_path_LD=ld
lt_cv_path_NM=nm
lt_cv_path_SED=/bin/sed
lt_cv_prog_compiler_c_o=yes
lt_cv_prog_compiler_rtti_exceptions=no
lt_cv_prog_gnu_ld=yes
lt_cv_sys_global_symbol_pipe='sed -n -e '\''s/^.*[	 ]\([ABCDGIRSTW][ABCDGIRSTW]*\)[	 ][	 ]*\([_A-Za-z][_A-Za-z0-9]*\)$/\1 \2 \2/p'\'''
lt_cv_sys_global_symbol_to_c_name_address='sed -n -e '\''s/^: \([^ ]*\) $/  {\"\1\", (void *) 0},/p'\'' -e '\''s/^[ABCDGIRSTW]* \([^ ]*\) \([^ ]*\)$/  {"\2", (void *) \&\2},/p'\'''
lt_cv_sys_global_symbol_to_cdecl='sed -n -e '\''s/^T .* \(.*\)$/extern int \1();/p'\'' -e '\''s/^[ABCDGIRSTW]* .* \(.*\)$/extern char \1;/p'\'''
lt_cv_sys_max_cmd_len=1572864

## ----------------- ##
## Output variables. ##
## ----------------- ##

ACLOCAL='${SHELL} /home/spam_attila_spam_attila/yaosp/toolchain/binutils-2.19/missing --run aclocal-1.9'
ALLOCA=''
AMDEPBACKSLASH='\'
AMDEP_FALSE='#'
AMDEP_TRUE=''
AMTAR='${SHELL} /home/spam_attila_spam_attila/yaosp/toolchain/binutils-2.19/missing --run tar'
AR='ar'
AUTOCONF='${SHELL} /home/spam_attila_spam_attila/yaosp/toolchain/binutils-2.19/missing --run autoconf'
AUTOHEADER='${SHELL} /home/spam_attila_spam_attila/yaosp/toolchain/binutils-2.19/missing --run autoheader'
AUTOMAKE='${SHELL} /home/spam_attila_spam_attila/yaosp/toolchain/binutils-2.19/missing --run automake-1.9'
AWK='mawk'
CATALOGS=' es.gmo fr.gmo rw.gmo tr.gmo es.gmo fr.gmo rw.gmo tr.gmo'
CATOBJEXT='.gmo'
CC='gcc'
CCDEPMODE='depmode=gcc3'
CFLAGS='-g -O2'
CPP='gcc -E'
CPPFLAGS=''
CYGPATH_W='echo'
DATADIRNAME='share'
DEFS='-DHAVE_CONFIG_H'
DEPDIR='.deps'
DUMPBIN=''
ECHO_C=''
ECHO_N='-n'
ECHO_T=''
EGREP='grep -E'
EXEEXT=''
FGREP='grep -F'
GDBINIT='.gdbinit'
GENCAT='gencat'
GENINSRC_NEVER_FALSE=''
GENINSRC_NEVER_TRUE='#'
GMSGFMT=':'
GREP='grep'
INCINTL=''
INSTALL_DATA='/usr/bin/install -c -m 644'
INSTALL_PROGRAM='/usr/bin/install -c'
INSTALL_SCRIPT='/usr/bin/install -c'
INSTALL_STRIP_PROGRAM='${SHELL} $(install_sh) -c -s'
INSTOBJEXT='.mo'
LD='ld -m elf_x86_64'
LDFLAGS=''
LEX='/home/spam_attila_spam_attila/yaosp/toolchain/binutils-2.19/missing flex'
LEXLIB=''
LEX_OUTPUT_ROOT='lex.yy'
LIBINTL=''
LIBINTL_DEP=''
LIBM=''
LIBOBJS=''
LIBS=''
LIBTOOL='$(SHELL) $(top_builddir)/libtool'
LN_S='ln -s'
LTLIBOBJS=''
MAINT='#'
MAINTAINER_MODE_FALSE=''
MAINTAINER_MODE_TRUE='#'
MAKEINFO='/home/spam_attila_spam_attila/yaosp/toolchain/binutils-2.19/missing makeinfo --split-size=5000000'
MKINSTALLDIRS='$(top_builddir)/../mkinstalldirs'
MSGFMT=':'
MSGMERGE=':'
NM='nm'
NO_WERROR=''
OBJEXT='o'
OPCODES_LIB='../opcodes/libopcodes.la'
PACKAGE='gas'
PACKAGE_BUGREPORT=''
PACKAGE_NAME=''
PACKAGE_STRING=''
PACKAGE_TARNAME=''
PACKAGE_VERSION=''
PATH_SEPARATOR=':'
POSUB='po'
RANLIB='ranlib'
SED='/bin/sed'
SET_MAKE=''
SHELL='/bin/bash'
STRIP='strip'
USE_NLS='yes'
VERSION='2.19'
WARN_CFLAGS='-W -Wall -Wstrict-prototypes -Wmissing-prototypes'
XGETTEXT=':'
YACC='/home/spam_attila_spam_attila/yaosp/toolchain/binutils-2.19/missing bison -y'
ac_ct_AR=''
ac_ct_CC=''
ac_ct_DUMPBIN=''
ac_ct_RANLIB=''
ac_ct_STRIP='strip'
am__fastdepCC_FALSE='#'
am__fastdepCC_TRUE=''
am__include='include'
am__leading_dot='.'
am__quote=''
am__tar='${AMTAR} chof - "$$tardir"'
am__untar='${AMTAR} xf -'
atof='ieee'
bindir='${exec_prefix}/bin'
build='x86_64-unknown-linux-gnu'
build_alias='x86_64-unknown-linux-gnu'
build_cpu='x86_64'
build_os='linux-gnu'
build_vendor='unknown'
cgen_cpu_prefix=''
datadir='${prefix}/share'
datarootdir='/usr/local/share'
docdir='/usr/local/share/doc'
exec_prefix='${prefix}'
extra_objects=''
host='x86_64-unknown-linux-gnu'
host_alias='x86_64-unknown-linux-gnu'
host_cpu='x86_64'
host_os='linux-gnu'
host_vendor='unknown'
htmldir='/usr/local/share/doc'
includedir='${prefix}/include'
infodir='${prefix}/info'
install_sh='/home/spam_attila_spam_attila/yaosp/toolchain/binutils-2.19/install-sh'
install_tooldir='install-exec-tooldir'
libdir='${exec_prefix}/lib'
libexecdir='${exec_prefix}/libexec'
localstatedir='${prefix}/var'
lt_ECHO='echo'
mandir='${prefix}/man'
mkdir_p='mkdir -p --'
obj_format='elf'
oldincludedir='/usr/include'
prefix='/usr/local'
program_transform_name='s,y,y,'
sbindir='${exec_prefix}/sbin'
sharedstatedir='${prefix}/com'
sysconfdir='${prefix}/etc'
target='x86_64-unknown-linux-gnu'
target_alias='x86_64-unknown-linux-gnu'
target_cpu='x86_64'
target_cpu_type='i386'
target_os='linux-gnu'
target_vendor='unknown'
te_file='linux'

## ----------- ##
## confdefs.h. ##
## ----------- ##

#define DEFAULT_ARCH "x86_64"
#define DEFAULT_EMULATION "i386elf"
#define EMULATIONS  &i386elf,
#define ENABLE_NLS 1
#define HAVE_ALLOCA 1
#define HAVE_ALLOCA_H 1
#define HAVE_DECL_GETOPT 1
#define HAVE_DECL_VSNPRINTF 1
#define HAVE_DLFCN_H 1
#define HAVE_ERRNO_H 1
#define HAVE_INTTYPES_H 1
#define HAVE_LIMITS_H 1
#define HAVE_MEMORY_H 1
#define HAVE_MEMORY_H 1
#define HAVE_SBRK 1
#define HAVE_STDARG_H 1
#define HAVE_STDINT_H 1
#define HAVE_STDLIB_H 1
#define HAVE_STDLIB_H 1
#define HAVE_STRINGS_H 1
#define HAVE_STRINGS_H 1
#define HAVE_STRING_H 1
#define HAVE_STRING_H 1
#define HAVE_SYS_STAT_H 1
#define HAVE_SYS_TYPES_H 1
#define HAVE_SYS_TYPES_H 1
#define HAVE_UNISTD_H 1
#define HAVE_UNISTD_H 1
#define HAVE_UNLINK 1
#define LT_OBJDIR ".libs/"
#define PACKAGE "gas"
#define PACKAGE_BUGREPORT ""
#define PACKAGE_NAME ""
#define PACKAGE_STRING ""
#define PACKAGE_TARNAME ""
#define PACKAGE_VERSION ""
#define STDC_HEADERS 1
#define TARGET_ALIAS "x86_64-unknown-linux-gnu"
#define TARGET_CANONICAL "x86_64-unknown-linux-gnu"
#define TARGET_CPU "x86_64"
#define TARGET_OS "linux-gnu"
#define TARGET_VENDOR "unknown"
#define VERSION "2.19"
#define YYTEXT_POINTER 1
#define _ALL_SOURCE 1
#define _GNU_SOURCE 1
#define _GNU_SOURCE 1
#define _POSIX_PTHREAD_SEMANTICS 1
#define _TANDEM_SOURCE 1
#define __EXTENSIONS__ 1

configure: exit 0
