This file contains any messages produced by compilers while
running configure, to aid debugging if configure makes a mistake.

It was created by configure, which was
generated by GNU Autoconf 2.59.  Invocation command line was

  $ ./configure 

## --------- ##
## Platform. ##
## --------- ##

hostname = yaospdevel
uname -m = x86_64
uname -r = 3.16.0-4-amd64
uname -s = Linux
uname -v = #1 SMP Debian 3.16.7-ckt25-2+deb8u2 (2016-06-25)

/usr/bin/uname -p = unknown
/bin/uname -X     = unknown

/bin/arch              = unknown
/usr/bin/arch -k       = unknown
/usr/convex/getsysinfo = unknown
hostinfo               = unknown
/bin/machine           = unknown
/usr/bin/oslevel       = unknown
/bin/universe          = unknown

PATH: /usr/local/sbin
PATH: /usr/local/bin
PATH: /usr/sbin
PATH: /usr/bin
PATH: /sbin
PATH: /bin


## ----------- ##
## Core tests. ##
## ----------- ##

configure:1505: checking build system type
configure:1523: result: x86_64-unknown-linux-gnu
configure:1558: checking host system type
configure:1572: result: x86_64-unknown-linux-gnu
configure:1580: checking target system type
configure:1594: result: x86_64-unknown-linux-gnu
configure:1637: checking for a BSD-compatible install
configure:1692: result: /usr/bin/install -c
configure:1703: checking whether ln works
configure:1725: result: yes
configure:1729: checking whether ln -s works
configure:1733: result: yes
configure:2885: checking for gcc
configure:2901: found /usr/bin/gcc
configure:2911: result: gcc
configure:3155: checking for C compiler version
configure:3158: gcc --version </dev/null >&5
gcc (Debian 4.9.2-10) 4.9.2
Copyright (C) 2014 Free Software Foundation, Inc.
This is free software; see the source for copying conditions.  There is NO
warranty; not even for MERCHANTABILITY or FITNESS FOR A PARTICULAR PURPOSE.

configure:3161: $? = 0
configure:3163: gcc -v </dev/null >&5
Using built-in specs.
COLLECT_GCC=gcc
COLLECT_LTO_WRAPPER=/usr/lib/gcc/x86_64-linux-gnu/4.9/lto-wrapper
Target: x86_64-linux-gnu
Configured with: ../src/configure -v --with-pkgversion='Debian 4.9.2-10' --with-bugurl=file:///usr/share/doc/gcc-4.9/README.Bugs --enable-languages=c,c++,java,go,d,fortran,objc,obj-c++ --prefix=/usr --program-suffix=-4.9 --enable-shared --enable-linker-build-id --libexecdir=/usr/lib --without-included-gettext --enable-threads=posix --with-gxx-include-dir=/usr/include/c++/4.9 --libdir=/usr/lib --enable-nls --with-sysroot=/ --enable-clocale=gnu --enable-libstdcxx-debug --enable-libstdcxx-time=yes --enable-gnu-unique-object --disable-vtable-verify --enable-plugin --with-system-zlib --disable-browser-plugin --enable-java-awt=gtk --enable-gtk-cairo --with-java-home=/usr/lib/jvm/java-1.5.0-gcj-4.9-amd64/jre --enable-java-home --with-jvm-root-dir=/usr/lib/jvm/java-1.5.0-gcj-4.9-amd64 --with-jvm-jar-dir=/usr/lib/jvm-exports/java-1.5.0-gcj-4.9-amd64 --with-arch-directory=amd64 --with-ecj-jar=/usr/share/java/eclipse-ecj.jar --enable-objc-gc --enable-multiarch --with-arch-32=i586 --with-abi=m64 --with-multilib-list=m32,m64,mx32 --enable-multilib --with-tune=generic --enable-checking=release --build=x86_64-linux-gnu --host=x86_64-linux-gnu --target=x86_64-linux-gnu
Thread model: posix
gcc version 4.9.2 (Debian 4.9.2-10) 
configure:3166: $? = 0
configure:3168: gcc -V </dev/null >&5
gcc: error: unrecognized command line option '-V'
gcc: fatal error: no input files
compilation terminated.
configure:3171: $? = 4
configure:3194: checking for C compiler default output file name
configure:3197: gcc -g -O2   conftest.c  >&5
configure:3200: $? = 0
configure:3246: result: a.out
configure:3251: checking whether the C compiler works
configure:3257: ./a.out
configure:3260: $? = 0
configure:3277: result: yes
configure:3284: checking whether we are cross compiling
configure:3286: result: no
configure:3289: checking for suffix of executables
configure:3291: gcc -o conftest -g -O2   conftest.c  >&5
configure:3294: $? = 0
configure:3319: result: 
configure:3325: checking for suffix of object files
configure:3346: gcc -c -g -O2  conftest.c >&5
configure:3349: $? = 0
configure:3371: result: o
configure:3375: checking whether we are using the GNU C compiler
configure:3399: gcc -c -g -O2  conftest.c >&5
configure:3405: $? = 0
configure:3409: test -z 
			 || test ! -s conftest.err
configure:3412: $? = 0
configure:3415: test -s conftest.o
configure:3418: $? = 0
configure:3431: result: yes
configure:3437: checking whether gcc accepts -g
configure:3458: gcc -c -g  conftest.c >&5
configure:3464: $? = 0
configure:3468: test -z 
			 || test ! -s conftest.err
configure:3471: $? = 0
configure:3474: test -s conftest.o
configure:3477: $? = 0
configure:3488: result: yes
configure:3505: checking for gcc option to accept ANSI C
configure:3575: gcc  -c -g -O2  conftest.c >&5
configure:3581: $? = 0
configure:3585: test -z 
			 || test ! -s conftest.err
configure:3588: $? = 0
configure:3591: test -s conftest.o
configure:3594: $? = 0
configure:3612: result: none needed
configure:3630: gcc -c -g -O2  conftest.c >&5
conftest.c:2:3: error: unknown type name 'choke'
   choke me
   ^
conftest.c:2:3: error: expected '=', ',', ';', 'asm' or '__attribute__' at end of input
configure:3636: $? = 1
configure: failed program was:
| #ifndef __cplusplus
|   choke me
| #endif
configure:3821: checking for g++
configure:3850: result: no
configure:3821: checking for c++
configure:3850: result: no
configure:3821: checking for gpp
configure:3850: result: no
configure:3821: checking for aCC
configure:3850: result: no
configure:3821: checking for CC
configure:3850: result: no
configure:3821: checking for cxx
configure:3850: result: no
configure:3821: checking for cc++
configure:3850: result: no
configure:3821: checking for cl
configure:3850: result: no
configure:3821: checking for FCC
configure:3850: result: no
configure:3821: checking for KCC
configure:3850: result: no
configure:3821: checking for RCC
configure:3850: result: no
configure:3821: checking for xlC_r
configure:3850: result: no
configure:3821: checking for xlC
configure:3850: result: no
configure:3863: checking for C++ compiler version
configure:3866: g++ --version </dev/null >&5
./configure: line 3867: g++: command not found
configure:3869: $? = 127
configure:3871: g++ -v </dev/null >&5
./configure: line 3872: g++: command not found
configure:3874: $? = 127
configure:3876: g++ -V </dev/null >&5
./configure: line 3877: g++: command not found
configure:3879: $? = 127
configure:3882: checking whether we are using the GNU C++ compiler
configure:3906: g++ -c -Wno-error  conftest.cc >&5
./configure: line 3907: g++: command not found
configure:3912: $? = 127
configure: failed program was:
| /* confdefs.h.  */
| 
| #define PACKAGE_NAME ""
| #define PACKAGE_TARNAME ""
| #define PACKAGE_VERSION ""
| #define PACKAGE_STRING ""
| #define PACKAGE_BUGREPORT ""
| /* end confdefs.h.  */
| 
| int
| main ()
| {
| #ifndef __GNUC__
|        choke me
| #endif
| 
|   ;
|   return 0;
| }
configure:3938: result: no
configure:3944: checking whether g++ accepts -g
configure:3965: g++ -c -g  conftest.cc >&5
./configure: line 3966: g++: command not found
configure:3971: $? = 127
configure: failed program was:
| /* confdefs.h.  */
| 
| #define PACKAGE_NAME ""
| #define PACKAGE_TARNAME ""
| #define PACKAGE_VERSION ""
| #define PACKAGE_STRING ""
| #define PACKAGE_BUGREPORT ""
| /* end confdefs.h.  */
| 
| int
| main ()
| {
| 
|   ;
|   return 0;
| }
configure:3995: result: no
configure:4037: g++ -c -Wno-error  conftest.cc >&5
./configure: line 4038: g++: command not found
configure:4043: $? = 127
configure: failed program was:
| /* confdefs.h.  */
| 
| #define PACKAGE_NAME ""
| #define PACKAGE_TARNAME ""
| #define PACKAGE_VERSION ""
| #define PACKAGE_STRING ""
| #define PACKAGE_BUGREPORT ""
| /* end confdefs.h.  */
| 
| #include <stdlib.h>
| int
| main ()
| {
| exit (42);
|   ;
|   return 0;
| }
configure:4037: g++ -c -Wno-error  conftest.cc >&5
./configure: line 4038: g++: command not found
configure:4043: $? = 127
configure: failed program was:
| /* confdefs.h.  */
| 
| #define PACKAGE_NAME ""
| #define PACKAGE_TARNAME ""
| #define PACKAGE_VERSION ""
| #define PACKAGE_STRING ""
| #define PACKAGE_BUGREPORT ""
| /* end confdefs.h.  */
| extern "C" void std::exit (int) throw (); using std::exit;
| #include <stdlib.h>
| int
| main ()
| {
| exit (42);
|   ;
|   return 0;
| }
configure:4037: g++ -c -Wno-error  conftest.cc >&5
./configure: line 4038: g++: command not found
configure:4043: $? = 127
configure: failed program was:
| /* confdefs.h.  */
| 
| #define PACKAGE_NAME ""
| #define PACKAGE_TARNAME ""
| #define PACKAGE_VERSION ""
| #define PACKAGE_STRING ""
| #define PACKAGE_BUGREPORT ""
| /* end confdefs.h.  */
| extern "C" void std::exit (int); using std::exit;
| #include <stdlib.h>
| int
| main ()
| {
| exit (42);
|   ;
|   return 0;
| }
configure:4037: g++ -c -Wno-error  conftest.cc >&5
./configure: line 4038: g++: command not found
configure:4043: $? = 127
configure: failed program was:
| /* confdefs.h.  */
| 
| #define PACKAGE_NAME ""
| #define PACKAGE_TARNAME ""
| #define PACKAGE_VERSION ""
| #define PACKAGE_STRING ""
| #define PACKAGE_BUGREPORT ""
| /* end confdefs.h.  */
| extern "C" void exit (int) throw ();
| #include <stdlib.h>
| int
| main ()
| {
| exit (42);
|   ;
|   return 0;
| }
configure:4037: g++ -c -Wno-error  conftest.cc >&5
./configure: line 4038: g++: command not found
configure:4043: $? = 127
configure: failed program was:
| /* confdefs.h.  */
| 
| #define PACKAGE_NAME ""
| #define PACKAGE_TARNAME ""
| #define PACKAGE_VERSION ""
| #define PACKAGE_STRING ""
| #define PACKAGE_BUGREPORT ""
| /* end confdefs.h.  */
| extern "C" void exit (int);
| #include <stdlib.h>
| int
| main ()
| {
| exit (42);
|   ;
|   return 0;
| }
configure:4037: g++ -c -Wno-error  conftest.cc >&5
./configure: line 4038: g++: command not found
configure:4043: $? = 127
configure: failed program was:
| /* confdefs.h.  */
| 
| #define PACKAGE_NAME ""
| #define PACKAGE_TARNAME ""
| #define PACKAGE_VERSION ""
| #define PACKAGE_STRING ""
| #define PACKAGE_BUGREPORT ""
| /* end confdefs.h.  */
| void exit (int);
| #include <stdlib.h>
| int
| main ()
| {
| exit (42);
|   ;
|   return 0;
| }
configure:4188: checking for gnatbind
configure:4215: result: no
configure:4268: checking for gnatmake
configure:4295: result: no
configure:4307: checking whether compiler driver understands Ada
configure:4330: result: no
configure:4339: checking how to compare bootstrapped objects
configure:4364: result: cmp --ignore-initial=16 $$f1 $$f2
configure:4484: checking for correct version of gmp.h
configure:4507: gcc -c -g -O2   conftest.c >&5
configure:4513: $? = 0
configure:4517: test -z 
			 || test ! -s conftest.err
configure:4520: $? = 0
configure:4523: test -s conftest.o
configure:4526: $? = 0
configure:4528: result: yes
configure:4542: checking for correct version of mpfr.h
configure:4573: gcc -o conftest -g -O2    conftest.c  -lmpfr -lgmp >&5
conftest.c:13:22: fatal error: mpfr.h: No such file or directory
     #include <mpfr.h>
                      ^
compilation terminated.
configure:4579: $? = 1
configure: failed program was:
| /* confdefs.h.  */
| 
| #define PACKAGE_NAME ""
| #define PACKAGE_TARNAME ""
| #define PACKAGE_VERSION ""
| #define PACKAGE_STRING ""
| #define PACKAGE_BUGREPORT ""
| #ifdef __cplusplus
| void exit (int);
| #endif
| /* end confdefs.h.  */
| #include <gmp.h>
|     #include <mpfr.h>
| int
| main ()
| {
| 
|     #if MPFR_VERSION < MPFR_VERSION_NUM(2,2,1)
|     choke me
|     #endif
|     mpfr_t n;
|     mpfr_t x;
|     int t;
|     mpfr_init (n);
|     mpfr_init (x);
|     mpfr_atan2 (n, n, x, GMP_RNDN);
|     mpfr_erfc (n, x, GMP_RNDN);
|     mpfr_subnormalize (x, t, GMP_RNDN);
| 
|   ;
|   return 0;
| }
configure:4652: result: no
configure:4669: error: Building GCC requires GMP 4.1+ and MPFR 2.3.0+.
Try the --with-gmp and/or --with-mpfr options to specify their locations.
Copies of these libraries' source code can be found at their respective
hosting sites as well as at ftp://gcc.gnu.org/pub/gcc/infrastructure/.
See also http://gcc.gnu.org/install/prerequisites.html for additional info.
If you obtained GMP and/or MPFR from a vendor distribution package, make
sure that you have installed both the libraries and the header files.
They may be located in separate packages.

## ---------------- ##
## Cache variables. ##
## ---------------- ##

ac_cv_build=x86_64-unknown-linux-gnu
ac_cv_build_alias=x86_64-unknown-linux-gnu
ac_cv_c_compiler_gnu=yes
ac_cv_cxx_compiler_gnu=no
ac_cv_env_AR_FOR_TARGET_set=
ac_cv_env_AR_FOR_TARGET_value=
ac_cv_env_AR_set=
ac_cv_env_AR_value=
ac_cv_env_AS_FOR_TARGET_set=
ac_cv_env_AS_FOR_TARGET_value=
ac_cv_env_AS_set=
ac_cv_env_AS_value=
ac_cv_env_CC_FOR_TARGET_set=
ac_cv_env_CC_FOR_TARGET_value=
ac_cv_env_CC_set=
ac_cv_env_CC_value=
ac_cv_env_CFLAGS_set=set
ac_cv_env_CFLAGS_value='-g -O2'
ac_cv_env_CPPFLAGS_set=
ac_cv_env_CPPFLAGS_value=
ac_cv_env_CXXFLAGS_set=set
ac_cv_env_CXXFLAGS_value=-Wno-error
ac_cv_env_CXX_FOR_TARGET_set=
ac_cv_env_CXX_FOR_TARGET_value=
ac_cv_env_CXX_set=
ac_cv_env_CXX_value=
ac_cv_env_DLLTOOL_FOR_TARGET_set=
ac_cv_env_DLLTOOL_FOR_TARGET_value=
ac_cv_env_DLLTOOL_set=
ac_cv_env_DLLTOOL_value=
ac_cv_env_GCC_FOR_TARGET_set=
ac_cv_env_GCC_FOR_TARGET_value=
ac_cv_env_GCJ_FOR_TARGET_set=
ac_cv_env_GCJ_FOR_TARGET_value=
ac_cv_env_GFORTRAN_FOR_TARGET_set=
ac_cv_env_GFORTRAN_FOR_TARGET_value=
ac_cv_env_LDFLAGS_set=
ac_cv_env_LDFLAGS_value=
ac_cv_env_LD_FOR_TARGET_set=
ac_cv_env_LD_FOR_TARGET_value=
ac_cv_env_LD_set=
ac_cv_env_LD_value=
ac_cv_env_LIPO_FOR_TARGET_set=
ac_cv_env_LIPO_FOR_TARGET_value=
ac_cv_env_LIPO_set=
ac_cv_env_LIPO_value=
ac_cv_env_NM_FOR_TARGET_set=
ac_cv_env_NM_FOR_TARGET_value=
ac_cv_env_NM_set=
ac_cv_env_NM_value=
ac_cv_env_OBJCOPY_set=
ac_cv_env_OBJCOPY_value=
ac_cv_env_OBJDUMP_FOR_TARGET_set=
ac_cv_env_OBJDUMP_FOR_TARGET_value=
ac_cv_env_OBJDUMP_set=
ac_cv_env_OBJDUMP_value=
ac_cv_env_RANLIB_FOR_TARGET_set=
ac_cv_env_RANLIB_FOR_TARGET_value=
ac_cv_env_RANLIB_set=
ac_cv_env_RANLIB_value=
ac_cv_env_STRIP_FOR_TARGET_set=
ac_cv_env_STRIP_FOR_TARGET_value=
ac_cv_env_STRIP_set=
ac_cv_env_STRIP_value=
ac_cv_env_WINDMC_FOR_TARGET_set=
ac_cv_env_WINDMC_FOR_TARGET_value=
ac_cv_env_WINDMC_set=
ac_cv_env_WINDMC_value=
ac_cv_env_WINDRES_FOR_TARGET_set=
ac_cv_env_WINDRES_FOR_TARGET_value=
ac_cv_env_WINDRES_set=
ac_cv_env_WINDRES_value=
ac_cv_env_build_alias_set=
ac_cv_env_build_alias_value=
ac_cv_env_host_alias_set=
ac_cv_env_host_alias_value=
ac_cv_env_target_alias_set=
ac_cv_env_target_alias_value=
ac_cv_exeext=
ac_cv_host=x86_64-unknown-linux-gnu
ac_cv_host_alias=x86_64-unknown-linux-gnu
ac_cv_objext=o
ac_cv_path_install='/usr/bin/install -c'
ac_cv_prog_ac_ct_CC=gcc
ac_cv_prog_ac_ct_GNATBIND=no
ac_cv_prog_ac_ct_GNATMAKE=no
ac_cv_prog_cc_g=yes
ac_cv_prog_cc_stdc=
ac_cv_prog_cxx_g=no
ac_cv_target=x86_64-unknown-linux-gnu
ac_cv_target_alias=x86_64-unknown-linux-gnu
acx_cv_cc_gcc_supports_ada=no
acx_cv_prog_LN=ln
gcc_cv_prog_cmp_skip='cmp --ignore-initial=16 $$f1 $$f2'

## ----------------- ##
## Output variables. ##
## ----------------- ##

AR=''
AR_FOR_BUILD='$(AR)'
AR_FOR_TARGET=''
AS=''
AS_FOR_BUILD='$(AS)'
AS_FOR_TARGET=''
BISON=''
CC='gcc'
CC_FOR_BUILD='$(CC)'
CC_FOR_TARGET=''
CFLAGS='-g -O2'
CFLAGS_FOR_BUILD=''
COMPILER_AS_FOR_TARGET=''
COMPILER_LD_FOR_TARGET=''
COMPILER_NM_FOR_TARGET=''
CONFIGURE_GDB_TK=''
CPPFLAGS=''
CXX='g++'
CXXFLAGS='-Wno-error'
CXXFLAGS_FOR_BUILD=''
CXX_FOR_BUILD='$(CXX)'
CXX_FOR_TARGET=''
DEBUG_PREFIX_CFLAGS_FOR_TARGET=''
DEFS=''
DLLTOOL=''
DLLTOOL_FOR_BUILD='$(DLLTOOL)'
DLLTOOL_FOR_TARGET=''
ECHO_C=''
ECHO_N='-n'
ECHO_T=''
EXEEXT=''
EXPECT=''
FLAGS_FOR_TARGET=''
FLEX=''
GCC_FOR_TARGET=''
GCJ_FOR_BUILD='$(GCJ)'
GCJ_FOR_TARGET=''
GDB_TK=''
GFORTRAN_FOR_BUILD='$(GFORTRAN)'
GFORTRAN_FOR_TARGET=''
GNATBIND='no'
GNATMAKE='no'
INSTALL_DATA='${INSTALL} -m 644'
INSTALL_GDB_TK=''
INSTALL_PROGRAM='${INSTALL}'
INSTALL_SCRIPT='${INSTALL}'
LD=''
LDFLAGS=''
LDFLAGS_FOR_BUILD=''
LD_FOR_BUILD='$(LD)'
LD_FOR_TARGET=''
LEX=''
LIBOBJS=''
LIBS=''
LIPO=''
LIPO_FOR_TARGET=''
LN='ln'
LN_S='ln -s'
LTLIBOBJS=''
M4=''
MAINT=''
MAINTAINER_MODE_FALSE=''
MAINTAINER_MODE_TRUE=''
MAKEINFO=''
NM=''
NM_FOR_BUILD='$(NM)'
NM_FOR_TARGET=''
OBJCOPY=''
OBJDUMP=''
OBJDUMP_FOR_TARGET=''
OBJEXT='o'
PACKAGE_BUGREPORT=''
PACKAGE_NAME=''
PACKAGE_STRING=''
PACKAGE_TARNAME=''
PACKAGE_VERSION=''
PATH_SEPARATOR=':'
RANLIB=''
RANLIB_FOR_BUILD='$(RANLIB)'
RANLIB_FOR_TARGET=''
RAW_CXX_FOR_TARGET=''
RPATH_ENVVAR=''
RUNTEST=''
SHELL='/bin/bash'
STRIP=''
STRIP_FOR_TARGET=''
SYSROOT_CFLAGS_FOR_TARGET=''
TOPLEVEL_CONFIGURE_ARGUMENTS='./configure'
WINDMC=''
WINDMC_FOR_BUILD='$(WINDMC)'
WINDMC_FOR_TARGET=''
WINDRES=''
WINDRES_FOR_BUILD='$(WINDRES)'
WINDRES_FOR_TARGET=''
YACC=''
ac_ct_CC='gcc'
ac_ct_CXX='g++'
ac_ct_GNATBIND='no'
ac_ct_GNATMAKE='no'
bindir='${exec_prefix}/bin'
build='x86_64-unknown-linux-gnu'
build_alias=''
build_configargs=''
build_configdirs='build-libiberty build-texinfo build-byacc build-flex build-bison build-m4 build-fixincludes'
build_cpu='x86_64'
build_libsubdir='build-x86_64-unknown-linux-gnu'
build_noncanonical='x86_64-unknown-linux-gnu'
build_os='linux-gnu'
build_subdir='build-x86_64-unknown-linux-gnu'
build_tooldir=''
build_vendor='unknown'
config_shell='/bin/bash'
configdirs='intl mmalloc libiberty opcodes bfd readline tcl tk itcl libgui zlib libcpp libdecnumber gmp mpfr texinfo byacc flex bison binutils gas ld fixincludes gcc sid sim gdb make patch prms send-pr gprof etc expect dejagnu ash bash bzip2 m4 autoconf automake libtool diff rcs fileutils shellutils time textutils wdiff find uudecode hello tar gzip indent recode release sed utils guile perl gawk findutils gettext zip fastjar gnattools'
datadir='${prefix}/share'
datarootdir=''
do_compare='cmp --ignore-initial=16 $$f1 $$f2'
docdir=''
exec_prefix='NONE'
gmpinc=''
gmplibs='-lmpfr -lgmp'
host='x86_64-unknown-linux-gnu'
host_alias=''
host_configargs=''
host_cpu='x86_64'
host_noncanonical='x86_64-unknown-linux-gnu'
host_os='linux-gnu'
host_subdir='host-x86_64-unknown-linux-gnu'
host_vendor='unknown'
htmldir=''
includedir='${prefix}/include'
infodir='${prefix}/info'
libdir='${exec_prefix}/lib'
libexecdir='${exec_prefix}/libexec'
localstatedir='${prefix}/var'
mandir='${prefix}/man'
oldincludedir='/usr/include'
pdfdir=''
prefix='NONE'
program_transform_name='s,y,y,'
sbindir='${exec_prefix}/sbin'
sharedstatedir='${prefix}/com'
stage1_cflags=''
stage1_checking=''
stage1_languages=''
stage2_werror_flag=''
sysconfdir='${prefix}/etc'
target='x86_64-unknown-linux-gnu'
target_alias=''
target_configargs=''
target_cpu='x86_64'
target_noncanonical='x86_64-unknown-linux-gnu'
target_os='linux-gnu'
target_subdir='x86_64-unknown-linux-gnu'
target_vendor='unknown'
tooldir=''

## ------------- ##
## Output files. ##
## ------------- ##

alphaieee_frag=''
host_makefile_frag='/dev/null'
ospace_frag=''
serialization_dependencies=''
target_makefile_frag=''

## ----------- ##
## confdefs.h. ##
## ----------- ##

#define PACKAGE_BUGREPORT ""
#define PACKAGE_NAME ""
#define PACKAGE_STRING ""
#define PACKAGE_TARNAME ""
#define PACKAGE_VERSION ""
#endif
#ifdef __cplusplus
void exit (int);

configure: exit 1
