This file contains any messages produced by compilers while
running configure, to aid debugging if configure makes a mistake.

It was created by configure, which was
generated by GNU Autoconf 2.59.  Invocation command line was

  $ /home/spam_attila_spam_attila/yaosp/toolchain/binutils-2.19/opcodes/configure --cache-file=./config.cache --with-gnu-as --with-gnu-ld --enable-werror=no --program-transform-name=s,y,y, --build=x86_64-unknown-linux-gnu --host=x86_64-unknown-linux-gnu --target=x86_64-unknown-linux-gnu --srcdir=.././opcodes

## --------- ##
## Platform. ##
## --------- ##

hostname = yaospdevel
uname -m = x86_64
uname -r = 3.16.0-4-amd64
uname -s = Linux
uname -v = #1 SMP Debian 3.16.7-ckt25-2+deb8u2 (2016-06-25)

/usr/bin/uname -p = unknown
/bin/uname -X     = unknown

/bin/arch              = unknown
/usr/bin/arch -k       = unknown
/usr/convex/getsysinfo = unknown
hostinfo               = unknown
/bin/machine           = unknown
/usr/bin/oslevel       = unknown
/bin/universe          = unknown

PATH: /usr/local/sbin
PATH: /usr/local/bin
PATH: /usr/sbin
PATH: /usr/bin
PATH: /sbin
PATH: /bin


## ----------- ##
## Core tests. ##
## ----------- ##

configure:1396: creating cache ./config.cache
configure:1523: checking build system type
configure:1541: result: x86_64-unknown-linux-gnu
configure:1549: checking host system type
configure:1563: result: x86_64-unknown-linux-gnu
configure:1571: checking target system type
configure:1585: result: x86_64-unknown-linux-gnu
configure:1607: checking for x86_64-unknown-linux-gnu-gcc
configure:1633: result: gcc
configure:1917: checking for C compiler version
configure:1920: gcc --version </dev/null >&5
gcc (Debian 4.9.2-10) 4.9.2
Copyright (C) 2014 Free Software Foundation, Inc.
This is free software; see the source for copying conditions.  There is NO
warranty; not even for MERCHANTABILITY or FITNESS FOR A PARTICULAR PURPOSE.

configure:1923: $? = 0
configure:1925: gcc -v </dev/null >&5
Using built-in specs.
COLLECT_GCC=gcc
COLLECT_LTO_WRAPPER=/usr/lib/gcc/x86_64-linux-gnu/4.9/lto-wrapper
Target: x86_64-linux-gnu
Configured with: ../src/configure -v --with-pkgversion='Debian 4.9.2-10' --with-bugurl=file:///usr/share/doc/gcc-4.9/README.Bugs --enable-languages=c,c++,java,go,d,fortran,objc,obj-c++ --prefix=/usr --program-suffix=-4.9 --enable-shared --enable-linker-build-id --libexecdir=/usr/lib --without-included-gettext --enable-threads=posix --with-gxx-include-dir=/usr/include/c++/4.9 --libdir=/usr/lib --enable-nls --with-sysroot=/ --enable-clocale=gnu --enable-libstdcxx-debug --enable-libstdcxx-time=yes --enable-gnu-unique-object --disable-vtable-verify --enable-plugin --with-system-zlib --disable-browser-plugin --enable-java-awt=gtk --enable-gtk-cairo --with-java-home=/usr/lib/jvm/java-1.5.0-gcj-4.9-amd64/jre --enable-java-home --with-jvm-root-dir=/usr/lib/jvm/java-1.5.0-gcj-4.9-amd64 --with-jvm-jar-dir=/usr/lib/jvm-exports/java-1.5.0-gcj-4.9-amd64 --with-arch-directory=amd64 --with-ecj-jar=/usr/share/java/eclipse-ecj.jar --enable-objc-gc --enable-multiarch --with-arch-32=i586 --with-abi=m64 --with-multilib-list=m32,m64,mx32 --enable-multilib --with-tune=generic --enable-checking=release --build=x86_64-linux-gnu --host=x86_64-linux-gnu --target=x86_64-linux-gnu
Thread model: posix
gcc version 4.9.2 (Debian 4.9.2-10) 
configure:1928: $? = 0
configure:1930: gcc -V </dev/null >&5
gcc: error: unrecognized command line option '-V'
gcc: fatal error: no input files
compilation terminated.
configure:1933: $? = 4
configure:1956: checking for C compiler default output file name
configure:1959: gcc -g -O2   conftest.c  >&5
configure:1962: $? = 0
configure:2010: result: a.out
configure:2015: checking whether the C compiler works
configure:2021: ./a.out
configure:2024: $? = 0
configure:2043: result: yes
configure:2050: checking whether we are cross compiling
configure:2052: result: no
configure:2055: checking for suffix of executables
configure:2057: gcc -o conftest -g -O2   conftest.c  >&5
configure:2060: $? = 0
configure:2087: result: 
configure:2093: checking for suffix of object files
configure:2114: gcc -c -g -O2  conftest.c >&5
configure:2117: $? = 0
configure:2141: result: o
configure:2145: checking whether we are using the GNU C compiler
configure:2169: gcc -c -g -O2  conftest.c >&5
configure:2175: $? = 0
configure:2179: test -z 
			 || test ! -s conftest.err
configure:2182: $? = 0
configure:2185: test -s conftest.o
configure:2188: $? = 0
configure:2201: result: yes
configure:2207: checking whether gcc accepts -g
configure:2228: gcc -c -g  conftest.c >&5
configure:2234: $? = 0
configure:2238: test -z 
			 || test ! -s conftest.err
configure:2241: $? = 0
configure:2244: test -s conftest.o
configure:2247: $? = 0
configure:2258: result: yes
configure:2275: checking for gcc option to accept ANSI C
configure:2345: gcc  -c -g -O2  conftest.c >&5
configure:2351: $? = 0
configure:2355: test -z 
			 || test ! -s conftest.err
configure:2358: $? = 0
configure:2361: test -s conftest.o
configure:2364: $? = 0
configure:2382: result: none needed
configure:2400: gcc -c -g -O2  conftest.c >&5
conftest.c:2:3: error: unknown type name 'choke'
   choke me
   ^
conftest.c:2:3: error: expected '=', ',', ';', 'asm' or '__attribute__' at end of input
configure:2406: $? = 1
configure: failed program was:
| #ifndef __cplusplus
|   choke me
| #endif
configure:2540: checking for library containing strerror
configure:2570: gcc -o conftest -g -O2   conftest.c  >&5
configure:2576: $? = 0
configure:2580: test -z 
			 || test ! -s conftest.err
configure:2583: $? = 0
configure:2586: test -s conftest
configure:2589: $? = 0
configure:2659: result: none required
configure:2687: checking for a BSD-compatible install
configure:2753: result: /usr/bin/install -c
configure:2764: checking whether build environment is sane
configure:2807: result: yes
configure:2872: checking for gawk
configure:2901: result: no
configure:2872: checking for mawk
configure:2888: found /usr/bin/mawk
configure:2898: result: mawk
configure:2908: checking whether make sets $(MAKE)
configure:2928: result: yes
configure:2958: checking for style of include used by make
configure:2986: result: GNU
configure:3162: checking dependency style of gcc
configure:3252: result: gcc3
configure:3279: checking for x86_64-unknown-linux-gnu-gcc
configure:3305: result: gcc
configure:3589: checking for C compiler version
configure:3592: gcc --version </dev/null >&5
gcc (Debian 4.9.2-10) 4.9.2
Copyright (C) 2014 Free Software Foundation, Inc.
This is free software; see the source for copying conditions.  There is NO
warranty; not even for MERCHANTABILITY or FITNESS FOR A PARTICULAR PURPOSE.

configure:3595: $? = 0
configure:3597: gcc -v </dev/null >&5
Using built-in specs.
COLLECT_GCC=gcc
COLLECT_LTO_WRAPPER=/usr/lib/gcc/x86_64-linux-gnu/4.9/lto-wrapper
Target: x86_64-linux-gnu
Configured with: ../src/configure -v --with-pkgversion='Debian 4.9.2-10' --with-bugurl=file:///usr/share/doc/gcc-4.9/README.Bugs --enable-languages=c,c++,java,go,d,fortran,objc,obj-c++ --prefix=/usr --program-suffix=-4.9 --enable-shared --enable-linker-build-id --libexecdir=/usr/lib --without-included-gettext --enable-threads=posix --with-gxx-include-dir=/usr/include/c++/4.9 --libdir=/usr/lib --enable-nls --with-sysroot=/ --enable-clocale=gnu --enable-libstdcxx-debug --enable-libstdcxx-time=yes --enable-gnu-unique-object --disable-vtable-verify --enable-plugin --with-system-zlib --disable-browser-plugin --enable-java-awt=gtk --enable-gtk-cairo --with-java-home=/usr/lib/jvm/java-1.5.0-gcj-4.9-amd64/jre --enable-java-home --with-jvm-root-dir=/usr/lib/jvm/java-1.5.0-gcj-4.9-amd64 --with-jvm-jar-dir=/usr/lib/jvm-exports/java-1.5.0-gcj-4.9-amd64 --with-arch-directory=amd64 --with-ecj-jar=/usr/share/java/eclipse-ecj.jar --enable-objc-gc --enable-multiarch --with-arch-32=i586 --with-abi=m64 --with-multilib-list=m32,m64,mx32 --enable-multilib --with-tune=generic --enable-checking=release --build=x86_64-linux-gnu --host=x86_64-linux-gnu --target=x86_64-linux-gnu
Thread model: posix
gcc version 4.9.2 (Debian 4.9.2-10) 
configure:3600: $? = 0
configure:3602: gcc -V </dev/null >&5
gcc: error: unrecognized command line option '-V'
gcc: fatal error: no input files
compilation terminated.
configure:3605: $? = 4
configure:3608: checking whether we are using the GNU C compiler
configure:3664: result: yes
configure:3670: checking whether gcc accepts -g
configure:3721: result: yes
configure:3738: checking for gcc option to accept ANSI C
configure:3845: result: none needed
configure:3863: gcc -c -g -O2  conftest.c >&5
conftest.c:2:3: error: unknown type name 'choke'
   choke me
   ^
conftest.c:2:3: error: expected '=', ',', ';', 'asm' or '__attribute__' at end of input
configure:3869: $? = 1
configure: failed program was:
| #ifndef __cplusplus
|   choke me
| #endif
configure:4013: checking how to run the C preprocessor
configure:4048: gcc -E  conftest.c
configure:4054: $? = 0
configure:4086: gcc -E  conftest.c
conftest.c:12:28: fatal error: ac_nonexistent.h: No such file or directory
 #include <ac_nonexistent.h>
                            ^
compilation terminated.
configure:4092: $? = 1
configure: failed program was:
| /* confdefs.h.  */
| 
| #define PACKAGE_NAME ""
| #define PACKAGE_TARNAME ""
| #define PACKAGE_VERSION ""
| #define PACKAGE_STRING ""
| #define PACKAGE_BUGREPORT ""
| #define PACKAGE "opcodes"
| #define VERSION "2.19"
| #define _GNU_SOURCE 1
| /* end confdefs.h.  */
| #include <ac_nonexistent.h>
configure:4131: result: gcc -E
configure:4155: gcc -E  conftest.c
configure:4161: $? = 0
configure:4193: gcc -E  conftest.c
conftest.c:12:28: fatal error: ac_nonexistent.h: No such file or directory
 #include <ac_nonexistent.h>
                            ^
compilation terminated.
configure:4199: $? = 1
configure: failed program was:
| /* confdefs.h.  */
| 
| #define PACKAGE_NAME ""
| #define PACKAGE_TARNAME ""
| #define PACKAGE_VERSION ""
| #define PACKAGE_STRING ""
| #define PACKAGE_BUGREPORT ""
| #define PACKAGE "opcodes"
| #define VERSION "2.19"
| #define _GNU_SOURCE 1
| /* end confdefs.h.  */
| #include <ac_nonexistent.h>
configure:4245: checking for egrep
configure:4255: result: grep -E
configure:4260: checking for ANSI C header files
configure:4285: gcc -c -g -O2  conftest.c >&5
configure:4291: $? = 0
configure:4295: test -z 
			 || test ! -s conftest.err
configure:4298: $? = 0
configure:4301: test -s conftest.o
configure:4304: $? = 0
configure:4393: gcc -o conftest -g -O2   conftest.c  >&5
conftest.c: In function 'main':
conftest.c:29:7: warning: incompatible implicit declaration of built-in function 'exit'
       exit(2);
       ^
configure:4396: $? = 0
configure:4398: ./conftest
configure:4401: $? = 0
configure:4416: result: yes
configure:4440: checking for sys/types.h
configure:4456: gcc -c -g -O2  conftest.c >&5
configure:4462: $? = 0
configure:4466: test -z 
			 || test ! -s conftest.err
configure:4469: $? = 0
configure:4472: test -s conftest.o
configure:4475: $? = 0
configure:4486: result: yes
configure:4440: checking for sys/stat.h
configure:4456: gcc -c -g -O2  conftest.c >&5
configure:4462: $? = 0
configure:4466: test -z 
			 || test ! -s conftest.err
configure:4469: $? = 0
configure:4472: test -s conftest.o
configure:4475: $? = 0
configure:4486: result: yes
configure:4440: checking for stdlib.h
configure:4456: gcc -c -g -O2  conftest.c >&5
configure:4462: $? = 0
configure:4466: test -z 
			 || test ! -s conftest.err
configure:4469: $? = 0
configure:4472: test -s conftest.o
configure:4475: $? = 0
configure:4486: result: yes
configure:4440: checking for string.h
configure:4456: gcc -c -g -O2  conftest.c >&5
configure:4462: $? = 0
configure:4466: test -z 
			 || test ! -s conftest.err
configure:4469: $? = 0
configure:4472: test -s conftest.o
configure:4475: $? = 0
configure:4486: result: yes
configure:4440: checking for memory.h
configure:4456: gcc -c -g -O2  conftest.c >&5
configure:4462: $? = 0
configure:4466: test -z 
			 || test ! -s conftest.err
configure:4469: $? = 0
configure:4472: test -s conftest.o
configure:4475: $? = 0
configure:4486: result: yes
configure:4440: checking for strings.h
configure:4456: gcc -c -g -O2  conftest.c >&5
configure:4462: $? = 0
configure:4466: test -z 
			 || test ! -s conftest.err
configure:4469: $? = 0
configure:4472: test -s conftest.o
configure:4475: $? = 0
configure:4486: result: yes
configure:4440: checking for inttypes.h
configure:4456: gcc -c -g -O2  conftest.c >&5
configure:4462: $? = 0
configure:4466: test -z 
			 || test ! -s conftest.err
configure:4469: $? = 0
configure:4472: test -s conftest.o
configure:4475: $? = 0
configure:4486: result: yes
configure:4440: checking for stdint.h
configure:4456: gcc -c -g -O2  conftest.c >&5
configure:4462: $? = 0
configure:4466: test -z 
			 || test ! -s conftest.err
configure:4469: $? = 0
configure:4472: test -s conftest.o
configure:4475: $? = 0
configure:4486: result: yes
configure:4440: checking for unistd.h
configure:4456: gcc -c -g -O2  conftest.c >&5
configure:4462: $? = 0
configure:4466: test -z 
			 || test ! -s conftest.err
configure:4469: $? = 0
configure:4472: test -s conftest.o
configure:4475: $? = 0
configure:4486: result: yes
configure:4509: checking minix/config.h usability
configure:4521: gcc -c -g -O2  conftest.c >&5
conftest.c:56:26: fatal error: minix/config.h: No such file or directory
 #include <minix/config.h>
                          ^
compilation terminated.
configure:4527: $? = 1
configure: failed program was:
| /* confdefs.h.  */
| 
| #define PACKAGE_NAME ""
| #define PACKAGE_TARNAME ""
| #define PACKAGE_VERSION ""
| #define PACKAGE_STRING ""
| #define PACKAGE_BUGREPORT ""
| #define PACKAGE "opcodes"
| #define VERSION "2.19"
| #define _GNU_SOURCE 1
| #define STDC_HEADERS 1
| #define HAVE_SYS_TYPES_H 1
| #define HAVE_SYS_STAT_H 1
| #define HAVE_STDLIB_H 1
| #define HAVE_STRING_H 1
| #define HAVE_MEMORY_H 1
| #define HAVE_STRINGS_H 1
| #define HAVE_INTTYPES_H 1
| #define HAVE_STDINT_H 1
| #define HAVE_UNISTD_H 1
| /* end confdefs.h.  */
| #include <stdio.h>
| #if HAVE_SYS_TYPES_H
| # include <sys/types.h>
| #endif
| #if HAVE_SYS_STAT_H
| # include <sys/stat.h>
| #endif
| #if STDC_HEADERS
| # include <stdlib.h>
| # include <stddef.h>
| #else
| # if HAVE_STDLIB_H
| #  include <stdlib.h>
| # endif
| #endif
| #if HAVE_STRING_H
| # if !STDC_HEADERS && HAVE_MEMORY_H
| #  include <memory.h>
| # endif
| # include <string.h>
| #endif
| #if HAVE_STRINGS_H
| # include <strings.h>
| #endif
| #if HAVE_INTTYPES_H
| # include <inttypes.h>
| #else
| # if HAVE_STDINT_H
| #  include <stdint.h>
| # endif
| #endif
| #if HAVE_UNISTD_H
| # include <unistd.h>
| #endif
| #include <minix/config.h>
configure:4550: result: no
configure:4554: checking minix/config.h presence
configure:4564: gcc -E  conftest.c
conftest.c:22:26: fatal error: minix/config.h: No such file or directory
 #include <minix/config.h>
                          ^
compilation terminated.
configure:4570: $? = 1
configure: failed program was:
| /* confdefs.h.  */
| 
| #define PACKAGE_NAME ""
| #define PACKAGE_TARNAME ""
| #define PACKAGE_VERSION ""
| #define PACKAGE_STRING ""
| #define PACKAGE_BUGREPORT ""
| #define PACKAGE "opcodes"
| #define VERSION "2.19"
| #define _GNU_SOURCE 1
| #define STDC_HEADERS 1
| #define HAVE_SYS_TYPES_H 1
| #define HAVE_SYS_STAT_H 1
| #define HAVE_STDLIB_H 1
| #define HAVE_STRING_H 1
| #define HAVE_MEMORY_H 1
| #define HAVE_STRINGS_H 1
| #define HAVE_INTTYPES_H 1
| #define HAVE_STDINT_H 1
| #define HAVE_UNISTD_H 1
| /* end confdefs.h.  */
| #include <minix/config.h>
configure:4590: result: no
configure:4625: checking for minix/config.h
configure:4632: result: no
configure:4663: checking whether it is safe to define __EXTENSIONS__
configure:4686: gcc -c -g -O2  conftest.c >&5
configure:4692: $? = 0
configure:4696: test -z 
			 || test ! -s conftest.err
configure:4699: $? = 0
configure:4702: test -s conftest.o
configure:4705: $? = 0
configure:4716: result: yes
configure:4744: checking for x86_64-unknown-linux-gnu-ar
configure:4770: result: ar
configure:4823: checking for x86_64-unknown-linux-gnu-ranlib
configure:4849: result: ranlib
configure:5039: checking for a sed that does not truncate output
configure:5095: result: /bin/sed
configure:5111: checking for fgrep
configure:5121: result: grep -F
configure:5156: checking for ld used by gcc
configure:5223: result: ld
configure:5232: checking if the linker (ld) is GNU ld
configure:5247: result: yes
configure:5260: checking for BSD- or MS-compatible name lister (nm)
configure:5309: result: nm
configure:5414: checking the name lister (nm) interface
configure:5421: gcc -c -g -O2  conftest.c >&5
configure:5424: nm "conftest.o"
configure:5427: output
0000000000000000 B some_variable
configure:5434: result: BSD nm
configure:5437: checking whether ln -s works
configure:5441: result: yes
configure:5449: checking the maximum length of command line arguments
configure:5569: result: 1572864
configure:5587: checking whether the shell understands some XSI constructs
configure:5595: result: yes
configure:5599: checking whether the shell understands "+="
configure:5605: result: yes
configure:5640: checking for ld option to reload object files
configure:5647: result: -r
configure:5674: checking how to recognize dependent libraries
configure:5864: result: pass_all
configure:5884: checking for x86_64-unknown-linux-gnu-ar
configure:5910: result: ar
configure:5977: checking for x86_64-unknown-linux-gnu-strip
configure:6006: result: no
configure:6015: checking for strip
configure:6031: found /usr/bin/strip
configure:6042: result: strip
configure:6064: checking for x86_64-unknown-linux-gnu-ranlib
configure:6090: result: ranlib
configure:6209: checking command to parse nm output from gcc object
configure:6326: gcc -c -g -O2  conftest.c >&5
configure:6329: $? = 0
configure:6333: nm conftest.o \| sed -n -e 's/^.*[	 ]\([ABCDGIRSTW][ABCDGIRSTW]*\)[	 ][	 ]*\([_A-Za-z][_A-Za-z0-9]*\)$/\1 \2 \2/p' \> conftest.nm
configure:6336: $? = 0
configure:6390: gcc -o conftest -g -O2   conftest.c conftstm.o >&5
configure:6393: $? = 0
configure:6431: result: ok
configure:6521: gcc -c -g -O2  conftest.c >&5
configure:6524: $? = 0
configure:6672: checking for dlfcn.h
configure:6688: gcc -c -g -O2  conftest.c >&5
configure:6694: $? = 0
configure:6698: test -z 
			 || test ! -s conftest.err
configure:6701: $? = 0
configure:6704: test -s conftest.o
configure:6707: $? = 0
configure:6718: result: yes
configure:6780: checking for objdir
configure:6795: result: .libs
configure:7091: checking if gcc supports -fno-rtti -fno-exceptions
configure:7109: gcc -c -g -O2  -fno-rtti -fno-exceptions conftest.c >&5
cc1: warning: command line option '-fno-rtti' is valid for C++/ObjC++ but not for C
configure:7113: $? = 0
configure:7126: result: no
configure:7146: checking for gcc option to produce PIC
configure:7401: result: -fPIC -DPIC
configure:7413: checking if gcc PIC flag -fPIC -DPIC works
configure:7431: gcc -c -g -O2  -fPIC -DPIC -DPIC conftest.c >&5
configure:7435: $? = 0
configure:7448: result: yes
configure:7472: checking if gcc static flag -static works
configure:7500: result: yes
configure:7515: checking if gcc supports -c -o file.o
configure:7536: gcc -c -g -O2  -o out/conftest2.o conftest.c >&5
configure:7540: $? = 0
configure:7562: result: yes
configure:7570: checking if gcc supports -c -o file.o
configure:7617: result: yes
configure:7650: checking whether the gcc linker (ld -m elf_x86_64) supports shared libraries
configure:8730: result: yes
configure:8969: checking dynamic linker characteristics
configure:9402: gcc -o conftest -g -O2   -Wl,-rpath -Wl,/foo conftest.c  >&5
configure:9408: $? = 0
configure:9412: test -z 
			 || test ! -s conftest.err
configure:9415: $? = 0
configure:9418: test -s conftest
configure:9421: $? = 0
configure:9645: result: GNU/Linux ld.so
configure:9740: checking how to hardcode library paths into programs
configure:9765: result: immediate
configure:10611: checking whether stripping libraries is possible
configure:10616: result: yes
configure:10651: checking if libtool supports shared libraries
configure:10653: result: yes
configure:10656: checking whether to build shared libraries
configure:10677: result: no
configure:10680: checking whether to build static libraries
configure:10684: result: yes
configure:10815: checking whether to enable maintainer-specific portions of Makefiles
configure:10824: result: no
configure:10854: checking whether to install libbfd
configure:10867: result: yes
configure:10913: checking whether NLS is requested
configure:10919: result: yes
configure:10927: checking for catalogs to be installed
configure:10959: result:  da de es fi fr ga id nl pt_BR ro sv tr vi zh_CN da de es fi fr ga id nl pt_BR ro sv tr vi zh_CN
configure:10986: checking whether NLS is requested
configure:10995: result: yes
configure:11033: checking for msgfmt
configure:11067: result: no
configure:11073: checking for gmsgfmt
configure:11104: result: :
configure:11143: checking for xgettext
configure:11177: result: no
configure:11214: checking for msgmerge
configure:11247: result: no
configure:11335: checking for a BSD-compatible install
configure:11401: result: /usr/bin/install -c
configure:11421: checking for string.h
configure:11426: result: yes
configure:11421: checking for strings.h
configure:11426: result: yes
configure:11421: checking for stdlib.h
configure:11426: result: yes
configure:11430: checking limits.h usability
configure:11442: gcc -c -g -O2  conftest.c >&5
configure:11448: $? = 0
configure:11452: test -z 
			 || test ! -s conftest.err
configure:11455: $? = 0
configure:11458: test -s conftest.o
configure:11461: $? = 0
configure:11471: result: yes
configure:11475: checking limits.h presence
configure:11485: gcc -E  conftest.c
configure:11491: $? = 0
configure:11511: result: yes
configure:11546: checking for limits.h
configure:11553: result: yes
configure:11567: checking whether basename is declared
configure:11591: gcc -c -g -O2  conftest.c >&5
configure:11597: $? = 0
configure:11601: test -z 
			 || test ! -s conftest.err
configure:11604: $? = 0
configure:11607: test -s conftest.o
configure:11610: $? = 0
configure:11621: result: yes
configure:11637: checking whether stpcpy is declared
configure:11661: gcc -c -g -O2  conftest.c >&5
configure:11667: $? = 0
configure:11671: test -z 
			 || test ! -s conftest.err
configure:11674: $? = 0
configure:11677: test -s conftest.o
configure:11680: $? = 0
configure:11691: result: yes
configure:12073: creating ./config.status

## ---------------------- ##
## Running config.status. ##
## ---------------------- ##

This file was extended by config.status, which was
generated by GNU Autoconf 2.59.  Invocation command line was

  CONFIG_FILES    = 
  CONFIG_HEADERS  = 
  CONFIG_LINKS    = 
  CONFIG_COMMANDS = 
  $ ./config.status 

on yaospdevel

config.status:939: creating Makefile
config.status:939: creating po/Makefile.in
config.status:1036: creating config.h
config.status:1352: executing depfiles commands
config.status:1352: executing libtool commands
config.status:1352: executing default-1 commands

## ---------------- ##
## Cache variables. ##
## ---------------- ##

ac_cv_build=x86_64-unknown-linux-gnu
ac_cv_build_alias=x86_64-unknown-linux-gnu
ac_cv_c_compiler_gnu=yes
ac_cv_env_CC_set=set
ac_cv_env_CC_value=gcc
ac_cv_env_CFLAGS_set=set
ac_cv_env_CFLAGS_value='-g -O2'
ac_cv_env_CPPFLAGS_set=
ac_cv_env_CPPFLAGS_value=
ac_cv_env_CPP_set=
ac_cv_env_CPP_value=
ac_cv_env_LDFLAGS_set=set
ac_cv_env_LDFLAGS_value=
ac_cv_env_build_alias_set=set
ac_cv_env_build_alias_value=x86_64-unknown-linux-gnu
ac_cv_env_host_alias_set=set
ac_cv_env_host_alias_value=x86_64-unknown-linux-gnu
ac_cv_env_target_alias_set=set
ac_cv_env_target_alias_value=x86_64-unknown-linux-gnu
ac_cv_exeext=
ac_cv_have_decl_basename=yes
ac_cv_have_decl_stpcpy=yes
ac_cv_header_dlfcn_h=yes
ac_cv_header_inttypes_h=yes
ac_cv_header_limits_h=yes
ac_cv_header_memory_h=yes
ac_cv_header_minix_config_h=no
ac_cv_header_stdc=yes
ac_cv_header_stdint_h=yes
ac_cv_header_stdlib_h=yes
ac_cv_header_string_h=yes
ac_cv_header_strings_h=yes
ac_cv_header_sys_stat_h=yes
ac_cv_header_sys_types_h=yes
ac_cv_header_unistd_h=yes
ac_cv_host=x86_64-unknown-linux-gnu
ac_cv_host_alias=x86_64-unknown-linux-gnu
ac_cv_objext=o
ac_cv_path_GMSGFMT=:
ac_cv_path_MSGFMT=:
ac_cv_path_MSGMERGE=:
ac_cv_path_XGETTEXT=:
ac_cv_prog_AR=ar
ac_cv_prog_AWK=mawk
ac_cv_prog_CC=gcc
ac_cv_prog_CPP='gcc -E'
ac_cv_prog_RANLIB=ranlib
ac_cv_prog_ac_ct_STRIP=strip
ac_cv_prog_cc_g=yes
ac_cv_prog_cc_stdc=
ac_cv_prog_egrep='grep -E'
ac_cv_prog_fgrep='grep -F'
ac_cv_prog_make_make_set=yes
ac_cv_safe_to_define___extensions__=yes
ac_cv_search_strerror='none required'
ac_cv_target=x86_64-unknown-linux-gnu
ac_cv_target_alias=x86_64-unknown-linux-gnu
am_cv_CC_dependencies_compiler_type=gcc3
lt_cv_deplibs_check_method=pass_all
lt_cv_file_magic_cmd='$MAGIC_CMD'
lt_cv_file_magic_test_file=
lt_cv_ld_reload_flag=-r
lt_cv_nm_interface='BSD nm'
lt_cv_objdir=.libs
lt_cv_path_LD=ld
lt_cv_path_NM=nm
lt_cv_path_SED=/bin/sed
lt_cv_prog_compiler_c_o=yes
lt_cv_prog_compiler_rtti_exceptions=no
lt_cv_prog_gnu_ld=yes
lt_cv_sys_global_symbol_pipe='sed -n -e '\''s/^.*[	 ]\([ABCDGIRSTW][ABCDGIRSTW]*\)[	 ][	 ]*\([_A-Za-z][_A-Za-z0-9]*\)$/\1 \2 \2/p'\'''
lt_cv_sys_global_symbol_to_c_name_address='sed -n -e '\''s/^: \([^ ]*\) $/  {\"\1\", (void *) 0},/p'\'' -e '\''s/^[ABCDGIRSTW]* \([^ ]*\) \([^ ]*\)$/  {"\2", (void *) \&\2},/p'\'''
lt_cv_sys_global_symbol_to_cdecl='sed -n -e '\''s/^T .* \(.*\)$/extern int \1();/p'\'' -e '\''s/^[ABCDGIRSTW]* .* \(.*\)$/extern char \1;/p'\'''
lt_cv_sys_max_cmd_len=1572864

## ----------------- ##
## Output variables. ##
## ----------------- ##

ACLOCAL='${SHELL} /home/spam_attila_spam_attila/yaosp/toolchain/binutils-2.19/missing --run aclocal-1.9'
AMDEPBACKSLASH='\'
AMDEP_FALSE='#'
AMDEP_TRUE=''
AMTAR='${SHELL} /home/spam_attila_spam_attila/yaosp/toolchain/binutils-2.19/missing --run tar'
AR='ar'
AUTOCONF='${SHELL} /home/spam_attila_spam_attila/yaosp/toolchain/binutils-2.19/missing --run autoconf'
AUTOHEADER='${SHELL} /home/spam_attila_spam_attila/yaosp/toolchain/binutils-2.19/missing --run autoheader'
AUTOMAKE='${SHELL} /home/spam_attila_spam_attila/yaosp/toolchain/binutils-2.19/missing --run automake-1.9'
AWK='mawk'
BFD_MACHINES=' i386-dis.lo i386-opc.lo'
CATALOGS=' da.gmo de.gmo es.gmo fi.gmo fr.gmo ga.gmo id.gmo nl.gmo pt_BR.gmo ro.gmo sv.gmo tr.gmo vi.gmo zh_CN.gmo da.gmo de.gmo es.gmo fi.gmo fr.gmo ga.gmo id.gmo nl.gmo pt_BR.gmo ro.gmo sv.gmo tr.gmo vi.gmo zh_CN.gmo'
CATOBJEXT='.gmo'
CC='gcc'
CCDEPMODE='depmode=gcc3'
CC_FOR_BUILD='gcc'
CFLAGS='-g -O2'
CGEN_MAINT_FALSE=''
CGEN_MAINT_TRUE='#'
CPP='gcc -E'
CPPFLAGS=''
CYGPATH_W='echo'
DATADIRNAME='share'
DEFS='-DHAVE_CONFIG_H'
DEPDIR='.deps'
DUMPBIN=''
ECHO_C=''
ECHO_N='-n'
ECHO_T=''
EGREP='grep -E'
EXEEXT=''
EXEEXT_FOR_BUILD='$(EXEEXT)'
FGREP='grep -F'
GENCAT='gencat'
GMSGFMT=':'
GREP='grep'
HDEFINES=''
INCINTL=''
INSTALL_DATA='/usr/bin/install -c -m 644'
INSTALL_LIBBFD_FALSE='#'
INSTALL_LIBBFD_TRUE=''
INSTALL_PROGRAM='/usr/bin/install -c'
INSTALL_SCRIPT='/usr/bin/install -c'
INSTALL_STRIP_PROGRAM='${SHELL} $(install_sh) -c -s'
INSTOBJEXT='.mo'
LD='ld -m elf_x86_64'
LDFLAGS=''
LIBINTL=''
LIBINTL_DEP=''
LIBOBJS=''
LIBS=''
LIBTOOL='$(SHELL) $(top_builddir)/libtool'
LN_S='ln -s'
LTLIBOBJS=''
MAINT='#'
MAINTAINER_MODE_FALSE=''
MAINTAINER_MODE_TRUE='#'
MAKEINFO='/home/spam_attila_spam_attila/yaosp/toolchain/binutils-2.19/missing makeinfo --split-size=5000000'
MKINSTALLDIRS='$(top_builddir)/.././opcodes/../mkinstalldirs'
MSGFMT=':'
MSGMERGE=':'
NM='nm'
NO_WERROR=''
OBJEXT='o'
PACKAGE='opcodes'
PACKAGE_BUGREPORT=''
PACKAGE_NAME=''
PACKAGE_STRING=''
PACKAGE_TARNAME=''
PACKAGE_VERSION=''
PATH_SEPARATOR=':'
POSUB='po'
RANLIB='ranlib'
SED='/bin/sed'
SET_MAKE=''
SHARED_DEPENDENCIES=''
SHARED_LDFLAGS=''
SHARED_LIBADD=''
SHELL='/bin/bash'
STRIP='strip'
USE_NLS='yes'
VERSION='2.19'
WARN_CFLAGS='-W -Wall -Wstrict-prototypes -Wmissing-prototypes'
XGETTEXT=':'
ac_ct_AR=''
ac_ct_CC=''
ac_ct_DUMPBIN=''
ac_ct_RANLIB=''
ac_ct_STRIP='strip'
am__fastdepCC_FALSE='#'
am__fastdepCC_TRUE=''
am__include='include'
am__leading_dot='.'
am__quote=''
am__tar='${AMTAR} chof - "$$tardir"'
am__untar='${AMTAR} xf -'
archdefs=' -DARCH_i386'
bfdincludedir='$(includedir)'
bfdlibdir='$(libdir)'
bindir='${exec_prefix}/bin'
build='x86_64-unknown-linux-gnu'
build_alias='x86_64-unknown-linux-gnu'
build_cpu='x86_64'
build_os='linux-gnu'
build_vendor='unknown'
cgendir='$(srcdir)/../cgen'
datadir='${prefix}/share'
exec_prefix='${prefix}'
host='x86_64-unknown-linux-gnu'
host_alias='x86_64-unknown-linux-gnu'
host_cpu='x86_64'
host_noncanonical='x86_64-unknown-linux-gnu'
host_os='linux-gnu'
host_vendor='unknown'
includedir='${prefix}/include'
infodir='${prefix}/info'
install_sh='/home/spam_attila_spam_attila/yaosp/toolchain/binutils-2.19/install-sh'
libdir='${exec_prefix}/lib'
libexecdir='${exec_prefix}/libexec'
localstatedir='${prefix}/var'
lt_ECHO='echo'
mandir='${prefix}/man'
mkdir_p='mkdir -p --'
oldincludedir='/usr/include'
prefix='/usr/local'
program_transform_name='s,y,y,'
sbindir='${exec_prefix}/sbin'
sharedstatedir='${prefix}/com'
sysconfdir='${prefix}/etc'
target='x86_64-unknown-linux-gnu'
target_alias='x86_64-unknown-linux-gnu'
target_cpu='x86_64'
target_noncanonical='x86_64-unknown-linux-gnu'
target_os='linux-gnu'
target_vendor='unknown'

## ----------- ##
## confdefs.h. ##
## ----------- ##

#define ENABLE_NLS 1
#define HAVE_DECL_BASENAME 1
#define HAVE_DECL_STPCPY 1
#define HAVE_DLFCN_H 1
#define HAVE_INTTYPES_H 1
#define HAVE_LIMITS_H 1
#define HAVE_MEMORY_H 1
#define HAVE_STDINT_H 1
#define HAVE_STDLIB_H 1
#define HAVE_STDLIB_H 1
#define HAVE_STRINGS_H 1
#define HAVE_STRINGS_H 1
#define HAVE_STRING_H 1
#define HAVE_STRING_H 1
#define HAVE_SYS_STAT_H 1
#define HAVE_SYS_TYPES_H 1
#define HAVE_UNISTD_H 1
#define LT_OBJDIR ".libs/"
#define PACKAGE "opcodes"
#define PACKAGE_BUGREPORT ""
#define PACKAGE_NAME ""
#define PACKAGE_STRING ""
#define PACKAGE_TARNAME ""
#define PACKAGE_VERSION ""
#define STDC_HEADERS 1
#define VERSION "2.19"
#define _ALL_SOURCE 1
#define _GNU_SOURCE 1
#define _GNU_SOURCE 1
#define _POSIX_PTHREAD_SEMANTICS 1
#define _TANDEM_SOURCE 1
#define __EXTENSIONS__ 1

configure: exit 0
